<?xml version="1.0" encoding="UTF-8"?>
<coverage generated="1568642084426" clover="3.2.0">
  <project timestamp="1568642084427" name="All files">
    <metrics statements="6" coveredstatements="6" conditionals="5" coveredconditionals="5" methods="2" coveredmethods="2" elements="13" coveredelements="13" complexity="0" loc="6" ncloc="6" packages="1" files="2" classes="2"/>
    <file name="InputText.js" path="/Users/paque/Desktop/works/web-components-common/src/styled/InputText/InputText.js">
      <metrics statements="5" coveredstatements="5" conditionals="5" coveredconditionals="5" methods="2" coveredmethods="2"/>
      <line num="12" count="2" type="stmt"/>
      <line num="33" count="4" type="cond" truecount="3" falsecount="0"/>
      <line num="39" count="4" type="cond" truecount="2" falsecount="0"/>
      <line num="45" count="2" type="stmt"/>
      <line num="49" count="2" type="stmt"/>
    </file>
    <file name="InputWrapper.js" path="/Users/paque/Desktop/works/web-components-common/src/styled/InputText/InputWrapper.js">
      <metrics statements="1" coveredstatements="1" conditionals="0" coveredconditionals="0" methods="0" coveredmethods="0"/>
      <line num="11" count="2" type="stmt"/>
    </file>
  </project>
</coverage>
