{"/Users/paque/Desktop/works/web-components-common/src/components/BlockText/BlockText.js": {"path":"/Users/paque/Desktop/works/web-components-common/src/components/BlockText/BlockText.js","statementMap":{"0":{"start":{"line":8,"column":23},"end":{"line":23,"column":1}},"1":{"start":{"line":9,"column":4},"end":{"line":9,"column":30}},"2":{"start":{"line":9,"column":24},"end":{"line":9,"column":30}},"3":{"start":{"line":10,"column":4},"end":{"line":22,"column":5}},"4":{"start":{"line":12,"column":12},"end":{"line":12,"column":79}},"5":{"start":{"line":15,"column":12},"end":{"line":15,"column":79}},"6":{"start":{"line":18,"column":12},"end":{"line":18,"column":82}},"7":{"start":{"line":21,"column":12},"end":{"line":21,"column":24}},"8":{"start":{"line":25,"column":18},"end":{"line":32,"column":1}},"9":{"start":{"line":26,"column":4},"end":{"line":31,"column":17}},"10":{"start":{"line":28,"column":48},"end":{"line":28,"column":93}},"11":{"start":{"line":29,"column":72},"end":{"line":29,"column":117}},"12":{"start":{"line":34,"column":0},"end":{"line":34,"column":28}},"13":{"start":{"line":36,"column":0},"end":{"line":45,"column":2}}},"fnMap":{"0":{"name":"(anonymous_0)","decl":{"start":{"line":8,"column":23},"end":{"line":8,"column":24}},"loc":{"start":{"line":8,"column":56},"end":{"line":23,"column":1}},"line":8},"1":{"name":"(anonymous_1)","decl":{"start":{"line":25,"column":18},"end":{"line":25,"column":19}},"loc":{"start":{"line":25,"column":49},"end":{"line":32,"column":1}},"line":25},"2":{"name":"(anonymous_2)","decl":{"start":{"line":28,"column":30},"end":{"line":28,"column":31}},"loc":{"start":{"line":28,"column":48},"end":{"line":28,"column":93}},"line":28},"3":{"name":"(anonymous_3)","decl":{"start":{"line":29,"column":54},"end":{"line":29,"column":55}},"loc":{"start":{"line":29,"column":72},"end":{"line":29,"column":117}},"line":29}},"branchMap":{"0":{"loc":{"start":{"line":9,"column":4},"end":{"line":9,"column":30}},"type":"if","locations":[{"start":{"line":9,"column":4},"end":{"line":9,"column":30}},{"start":{"line":9,"column":4},"end":{"line":9,"column":30}}],"line":9},"1":{"loc":{"start":{"line":10,"column":4},"end":{"line":22,"column":5}},"type":"switch","locations":[{"start":{"line":11,"column":8},"end":{"line":12,"column":79}},{"start":{"line":14,"column":8},"end":{"line":15,"column":79}},{"start":{"line":17,"column":8},"end":{"line":18,"column":82}},{"start":{"line":20,"column":8},"end":{"line":21,"column":24}}],"line":10},"2":{"loc":{"start":{"line":28,"column":12},"end":{"line":29,"column":118}},"type":"cond-expr","locations":[{"start":{"line":28,"column":20},"end":{"line":28,"column":94}},{"start":{"line":29,"column":18},"end":{"line":29,"column":118}}],"line":28}},"s":{"0":1,"1":16,"2":0,"3":16,"4":7,"5":5,"6":4,"7":0,"8":1,"9":7,"10":10,"11":6,"12":1,"13":1},"f":{"0":16,"1":7,"2":10,"3":6},"b":{"0":[0,16],"1":[7,5,4,0],"2":[5,2]},"_coverageSchema":"1a1c01bbd47fc00a2c39e90264f33305004495a9","hash":"6e0d6374e2a89df449a236013ada692547df23ec"}
,"/Users/paque/Desktop/works/web-components-common/src/components/BlockText/styled.js": {"path":"/Users/paque/Desktop/works/web-components-common/src/components/BlockText/styled.js","statementMap":{"0":{"start":{"line":5,"column":25},"end":{"line":32,"column":1}},"1":{"start":{"line":5,"column":52},"end":{"line":10,"column":1}},"2":{"start":{"line":20,"column":15},"end":{"line":30,"column":12}},"3":{"start":{"line":20,"column":49},"end":{"line":30,"column":11}}},"fnMap":{"0":{"name":"(anonymous_0)","decl":{"start":{"line":5,"column":42},"end":{"line":5,"column":43}},"loc":{"start":{"line":5,"column":52},"end":{"line":10,"column":1}},"line":5},"1":{"name":"(anonymous_1)","decl":{"start":{"line":20,"column":6},"end":{"line":20,"column":7}},"loc":{"start":{"line":20,"column":15},"end":{"line":30,"column":12}},"line":20},"2":{"name":"(anonymous_2)","decl":{"start":{"line":20,"column":36},"end":{"line":20,"column":37}},"loc":{"start":{"line":20,"column":49},"end":{"line":30,"column":11}},"line":20}},"branchMap":{"0":{"loc":{"start":{"line":23,"column":15},"end":{"line":23,"column":66}},"type":"cond-expr","locations":[{"start":{"line":23,"column":30},"end":{"line":23,"column":61}},{"start":{"line":23,"column":64},"end":{"line":23,"column":66}}],"line":23},"1":{"loc":{"start":{"line":24,"column":15},"end":{"line":24,"column":69}},"type":"cond-expr","locations":[{"start":{"line":24,"column":30},"end":{"line":24,"column":64}},{"start":{"line":24,"column":67},"end":{"line":24,"column":69}}],"line":24},"2":{"loc":{"start":{"line":25,"column":15},"end":{"line":25,"column":68}},"type":"cond-expr","locations":[{"start":{"line":25,"column":30},"end":{"line":25,"column":63}},{"start":{"line":25,"column":66},"end":{"line":25,"column":68}}],"line":25},"3":{"loc":{"start":{"line":26,"column":15},"end":{"line":26,"column":70}},"type":"cond-expr","locations":[{"start":{"line":26,"column":31},"end":{"line":26,"column":65}},{"start":{"line":26,"column":68},"end":{"line":26,"column":70}}],"line":26},"4":{"loc":{"start":{"line":27,"column":15},"end":{"line":29,"column":17}},"type":"cond-expr","locations":[{"start":{"line":28,"column":22},"end":{"line":28,"column":149}},{"start":{"line":29,"column":15},"end":{"line":29,"column":17}}],"line":27},"5":{"loc":{"start":{"line":28,"column":22},"end":{"line":28,"column":149}},"type":"cond-expr","locations":[{"start":{"line":28,"column":49},"end":{"line":28,"column":144}},{"start":{"line":28,"column":147},"end":{"line":28,"column":149}}],"line":28}},"s":{"0":1,"1":0,"2":0,"3":0},"f":{"0":0,"1":0,"2":0},"b":{"0":[0,0],"1":[0,0],"2":[0,0],"3":[0,0],"4":[0,0],"5":[0,0]},"_coverageSchema":"1a1c01bbd47fc00a2c39e90264f33305004495a9","hash":"f313a125c75d513c3d99080a6eb1ef3d42c2a8aa"}
,"/Users/paque/Desktop/works/web-components-common/src/functional/Content.js": {"path":"/Users/paque/Desktop/works/web-components-common/src/functional/Content.js","statementMap":{"0":{"start":{"line":6,"column":16},"end":{"line":12,"column":1}},"1":{"start":{"line":7,"column":17},"end":{"line":7,"column":73}},"2":{"start":{"line":8,"column":4},"end":{"line":8,"column":27}},"3":{"start":{"line":8,"column":15},"end":{"line":8,"column":27}},"4":{"start":{"line":9,"column":4},"end":{"line":11,"column":6}},"5":{"start":{"line":14,"column":0},"end":{"line":17,"column":1}}},"fnMap":{"0":{"name":"(anonymous_0)","decl":{"start":{"line":6,"column":16},"end":{"line":6,"column":17}},"loc":{"start":{"line":6,"column":39},"end":{"line":12,"column":1}},"line":6}},"branchMap":{"0":{"loc":{"start":{"line":7,"column":17},"end":{"line":7,"column":73}},"type":"cond-expr","locations":[{"start":{"line":7,"column":38},"end":{"line":7,"column":66}},{"start":{"line":7,"column":69},"end":{"line":7,"column":73}}],"line":7},"1":{"loc":{"start":{"line":8,"column":4},"end":{"line":8,"column":27}},"type":"if","locations":[{"start":{"line":8,"column":4},"end":{"line":8,"column":27}},{"start":{"line":8,"column":4},"end":{"line":8,"column":27}}],"line":8}},"s":{"0":2,"1":4,"2":4,"3":2,"4":2,"5":2},"f":{"0":4},"b":{"0":[3,1],"1":[2,2]},"_coverageSchema":"1a1c01bbd47fc00a2c39e90264f33305004495a9","hash":"22ff5a6f26130f0cc27d54d197b0ab6977c147cf"}
,"/Users/paque/Desktop/works/web-components-common/src/functional/ContentMarkdownRemark.js": {"path":"/Users/paque/Desktop/works/web-components-common/src/functional/ContentMarkdownRemark.js","statementMap":{"0":{"start":{"line":7,"column":30},"end":{"line":13,"column":1}},"1":{"start":{"line":8,"column":17},"end":{"line":8,"column":97}},"2":{"start":{"line":9,"column":4},"end":{"line":9,"column":27}},"3":{"start":{"line":9,"column":15},"end":{"line":9,"column":27}},"4":{"start":{"line":10,"column":4},"end":{"line":12,"column":6}},"5":{"start":{"line":15,"column":0},"end":{"line":18,"column":1}}},"fnMap":{"0":{"name":"(anonymous_0)","decl":{"start":{"line":7,"column":30},"end":{"line":7,"column":31}},"loc":{"start":{"line":7,"column":53},"end":{"line":13,"column":1}},"line":7}},"branchMap":{"0":{"loc":{"start":{"line":8,"column":17},"end":{"line":8,"column":97}},"type":"cond-expr","locations":[{"start":{"line":8,"column":58},"end":{"line":8,"column":90}},{"start":{"line":8,"column":93},"end":{"line":8,"column":97}}],"line":8},"1":{"loc":{"start":{"line":8,"column":17},"end":{"line":8,"column":55}},"type":"binary-expr","locations":[{"start":{"line":8,"column":17},"end":{"line":8,"column":24}},{"start":{"line":8,"column":28},"end":{"line":8,"column":55}}],"line":8},"2":{"loc":{"start":{"line":9,"column":4},"end":{"line":9,"column":27}},"type":"if","locations":[{"start":{"line":9,"column":4},"end":{"line":9,"column":27}},{"start":{"line":9,"column":4},"end":{"line":9,"column":27}}],"line":9}},"s":{"0":1,"1":3,"2":3,"3":1,"4":2,"5":1},"f":{"0":3},"b":{"0":[2,1],"1":[3,3],"2":[1,2]},"_coverageSchema":"1a1c01bbd47fc00a2c39e90264f33305004495a9","hash":"aeeb5b5f92a040a22ba58211e49a1d6a74ac761d"}
,"/Users/paque/Desktop/works/web-components-common/src/functional/Text.js": {"path":"/Users/paque/Desktop/works/web-components-common/src/functional/Text.js","statementMap":{"0":{"start":{"line":7,"column":13},"end":{"line":11,"column":1}},"1":{"start":{"line":8,"column":20},"end":{"line":8,"column":76}},"2":{"start":{"line":9,"column":4},"end":{"line":9,"column":30}},"3":{"start":{"line":9,"column":18},"end":{"line":9,"column":30}},"4":{"start":{"line":10,"column":4},"end":{"line":10,"column":73}},"5":{"start":{"line":13,"column":0},"end":{"line":13,"column":22}}},"fnMap":{"0":{"name":"(anonymous_0)","decl":{"start":{"line":7,"column":13},"end":{"line":7,"column":14}},"loc":{"start":{"line":7,"column":36},"end":{"line":11,"column":1}},"line":7}},"branchMap":{"0":{"loc":{"start":{"line":8,"column":20},"end":{"line":8,"column":76}},"type":"cond-expr","locations":[{"start":{"line":8,"column":41},"end":{"line":8,"column":69}},{"start":{"line":8,"column":72},"end":{"line":8,"column":76}}],"line":8},"1":{"loc":{"start":{"line":9,"column":4},"end":{"line":9,"column":30}},"type":"if","locations":[{"start":{"line":9,"column":4},"end":{"line":9,"column":30}},{"start":{"line":9,"column":4},"end":{"line":9,"column":30}}],"line":9}},"s":{"0":1,"1":0,"2":0,"3":0,"4":0,"5":1},"f":{"0":0},"b":{"0":[0,0],"1":[0,0]},"_coverageSchema":"1a1c01bbd47fc00a2c39e90264f33305004495a9","hash":"4d733b1c10222b3ae1c5c02239c43c4131139e83"}
,"/Users/paque/Desktop/works/web-components-common/src/styles/common.styled.js": {"path":"/Users/paque/Desktop/works/web-components-common/src/styles/common.styled.js","statementMap":{"0":{"start":{"line":14,"column":31},"end":{"line":82,"column":1}},"1":{"start":{"line":14,"column":58},"end":{"line":21,"column":1}},"2":{"start":{"line":29,"column":15},"end":{"line":59,"column":12}},"3":{"start":{"line":29,"column":49},"end":{"line":59,"column":11}},"4":{"start":{"line":62,"column":17},"end":{"line":80,"column":17}},"5":{"start":{"line":62,"column":84},"end":{"line":80,"column":11}},"6":{"start":{"line":84,"column":26},"end":{"line":103,"column":1}},"7":{"start":{"line":84,"column":51},"end":{"line":89,"column":1}},"8":{"start":{"line":90,"column":15},"end":{"line":101,"column":11}},"9":{"start":{"line":90,"column":44},"end":{"line":101,"column":10}},"10":{"start":{"line":105,"column":29},"end":{"line":141,"column":1}},"11":{"start":{"line":105,"column":56},"end":{"line":109,"column":1}},"12":{"start":{"line":113,"column":15},"end":{"line":125,"column":12}},"13":{"start":{"line":113,"column":44},"end":{"line":125,"column":11}},"14":{"start":{"line":143,"column":36},"end":{"line":193,"column":1}},"15":{"start":{"line":143,"column":63},"end":{"line":147,"column":1}},"16":{"start":{"line":152,"column":15},"end":{"line":191,"column":12}},"17":{"start":{"line":152,"column":44},"end":{"line":191,"column":11}},"18":{"start":{"line":195,"column":25},"end":{"line":313,"column":1}},"19":{"start":{"line":195,"column":50},"end":{"line":202,"column":1}},"20":{"start":{"line":214,"column":15},"end":{"line":312,"column":11}},"21":{"start":{"line":214,"column":44},"end":{"line":312,"column":10}},"22":{"start":{"line":314,"column":26},"end":{"line":350,"column":1}},"23":{"start":{"line":314,"column":51},"end":{"line":317,"column":1}},"24":{"start":{"line":329,"column":15},"end":{"line":349,"column":11}},"25":{"start":{"line":329,"column":44},"end":{"line":349,"column":10}}},"fnMap":{"0":{"name":"(anonymous_0)","decl":{"start":{"line":14,"column":48},"end":{"line":14,"column":49}},"loc":{"start":{"line":14,"column":58},"end":{"line":21,"column":1}},"line":14},"1":{"name":"(anonymous_1)","decl":{"start":{"line":29,"column":6},"end":{"line":29,"column":7}},"loc":{"start":{"line":29,"column":15},"end":{"line":59,"column":12}},"line":29},"2":{"name":"(anonymous_2)","decl":{"start":{"line":29,"column":36},"end":{"line":29,"column":37}},"loc":{"start":{"line":29,"column":49},"end":{"line":59,"column":11}},"line":29},"3":{"name":"(anonymous_3)","decl":{"start":{"line":62,"column":7},"end":{"line":62,"column":8}},"loc":{"start":{"line":62,"column":17},"end":{"line":80,"column":17}},"line":62},"4":{"name":"(anonymous_4)","decl":{"start":{"line":62,"column":71},"end":{"line":62,"column":72}},"loc":{"start":{"line":62,"column":84},"end":{"line":80,"column":11}},"line":62},"5":{"name":"(anonymous_5)","decl":{"start":{"line":84,"column":41},"end":{"line":84,"column":42}},"loc":{"start":{"line":84,"column":51},"end":{"line":89,"column":1}},"line":84},"6":{"name":"(anonymous_6)","decl":{"start":{"line":90,"column":6},"end":{"line":90,"column":7}},"loc":{"start":{"line":90,"column":15},"end":{"line":101,"column":11}},"line":90},"7":{"name":"(anonymous_7)","decl":{"start":{"line":90,"column":36},"end":{"line":90,"column":37}},"loc":{"start":{"line":90,"column":44},"end":{"line":101,"column":10}},"line":90},"8":{"name":"(anonymous_8)","decl":{"start":{"line":105,"column":46},"end":{"line":105,"column":47}},"loc":{"start":{"line":105,"column":56},"end":{"line":109,"column":1}},"line":105},"9":{"name":"(anonymous_9)","decl":{"start":{"line":113,"column":6},"end":{"line":113,"column":7}},"loc":{"start":{"line":113,"column":15},"end":{"line":125,"column":12}},"line":113},"10":{"name":"(anonymous_10)","decl":{"start":{"line":113,"column":36},"end":{"line":113,"column":37}},"loc":{"start":{"line":113,"column":44},"end":{"line":125,"column":11}},"line":113},"11":{"name":"(anonymous_11)","decl":{"start":{"line":143,"column":53},"end":{"line":143,"column":54}},"loc":{"start":{"line":143,"column":63},"end":{"line":147,"column":1}},"line":143},"12":{"name":"(anonymous_12)","decl":{"start":{"line":152,"column":6},"end":{"line":152,"column":7}},"loc":{"start":{"line":152,"column":15},"end":{"line":191,"column":12}},"line":152},"13":{"name":"(anonymous_13)","decl":{"start":{"line":152,"column":36},"end":{"line":152,"column":37}},"loc":{"start":{"line":152,"column":44},"end":{"line":191,"column":11}},"line":152},"14":{"name":"(anonymous_14)","decl":{"start":{"line":195,"column":40},"end":{"line":195,"column":41}},"loc":{"start":{"line":195,"column":50},"end":{"line":202,"column":1}},"line":195},"15":{"name":"(anonymous_15)","decl":{"start":{"line":214,"column":6},"end":{"line":214,"column":7}},"loc":{"start":{"line":214,"column":15},"end":{"line":312,"column":11}},"line":214},"16":{"name":"(anonymous_16)","decl":{"start":{"line":214,"column":36},"end":{"line":214,"column":37}},"loc":{"start":{"line":214,"column":44},"end":{"line":312,"column":10}},"line":214},"17":{"name":"(anonymous_17)","decl":{"start":{"line":314,"column":41},"end":{"line":314,"column":42}},"loc":{"start":{"line":314,"column":51},"end":{"line":317,"column":1}},"line":314},"18":{"name":"(anonymous_18)","decl":{"start":{"line":329,"column":6},"end":{"line":329,"column":7}},"loc":{"start":{"line":329,"column":15},"end":{"line":349,"column":11}},"line":329},"19":{"name":"(anonymous_19)","decl":{"start":{"line":329,"column":36},"end":{"line":329,"column":37}},"loc":{"start":{"line":329,"column":44},"end":{"line":349,"column":10}},"line":329}},"branchMap":{"0":{"loc":{"start":{"line":32,"column":15},"end":{"line":32,"column":65}},"type":"cond-expr","locations":[{"start":{"line":32,"column":29},"end":{"line":32,"column":60}},{"start":{"line":32,"column":63},"end":{"line":32,"column":65}}],"line":32},"1":{"loc":{"start":{"line":33,"column":15},"end":{"line":33,"column":68}},"type":"cond-expr","locations":[{"start":{"line":33,"column":29},"end":{"line":33,"column":63}},{"start":{"line":33,"column":66},"end":{"line":33,"column":68}}],"line":33},"2":{"loc":{"start":{"line":34,"column":15},"end":{"line":34,"column":67}},"type":"cond-expr","locations":[{"start":{"line":34,"column":29},"end":{"line":34,"column":62}},{"start":{"line":34,"column":65},"end":{"line":34,"column":67}}],"line":34},"3":{"loc":{"start":{"line":35,"column":15},"end":{"line":35,"column":70}},"type":"cond-expr","locations":[{"start":{"line":35,"column":31},"end":{"line":35,"column":65}},{"start":{"line":35,"column":68},"end":{"line":35,"column":70}}],"line":35},"4":{"loc":{"start":{"line":36,"column":15},"end":{"line":38,"column":16}},"type":"cond-expr","locations":[{"start":{"line":37,"column":18},"end":{"line":37,"column":145}},{"start":{"line":38,"column":14},"end":{"line":38,"column":16}}],"line":36},"5":{"loc":{"start":{"line":37,"column":18},"end":{"line":37,"column":145}},"type":"cond-expr","locations":[{"start":{"line":37,"column":45},"end":{"line":37,"column":140}},{"start":{"line":37,"column":143},"end":{"line":37,"column":145}}],"line":37},"6":{"loc":{"start":{"line":39,"column":15},"end":{"line":41,"column":16}},"type":"cond-expr","locations":[{"start":{"line":40,"column":19},"end":{"line":40,"column":120}},{"start":{"line":41,"column":14},"end":{"line":41,"column":16}}],"line":39},"7":{"loc":{"start":{"line":39,"column":15},"end":{"line":39,"column":55}},"type":"binary-expr","locations":[{"start":{"line":39,"column":15},"end":{"line":39,"column":26}},{"start":{"line":39,"column":31},"end":{"line":39,"column":55}}],"line":39},"8":{"loc":{"start":{"line":40,"column":19},"end":{"line":40,"column":120}},"type":"cond-expr","locations":[{"start":{"line":40,"column":63},"end":{"line":40,"column":115}},{"start":{"line":40,"column":118},"end":{"line":40,"column":120}}],"line":40},"9":{"loc":{"start":{"line":49,"column":18},"end":{"line":51,"column":30}},"type":"cond-expr","locations":[{"start":{"line":49,"column":86},"end":{"line":51,"column":17}},{"start":{"line":51,"column":20},"end":{"line":51,"column":30}}],"line":49},"10":{"loc":{"start":{"line":49,"column":18},"end":{"line":49,"column":83}},"type":"binary-expr","locations":[{"start":{"line":49,"column":18},"end":{"line":49,"column":46}},{"start":{"line":49,"column":51},"end":{"line":49,"column":83}}],"line":49},"11":{"loc":{"start":{"line":54,"column":14},"end":{"line":57,"column":21}},"type":"cond-expr","locations":[{"start":{"line":54,"column":92},"end":{"line":57,"column":16}},{"start":{"line":57,"column":19},"end":{"line":57,"column":21}}],"line":54},"12":{"loc":{"start":{"line":54,"column":14},"end":{"line":54,"column":89}},"type":"binary-expr","locations":[{"start":{"line":54,"column":14},"end":{"line":54,"column":46}},{"start":{"line":54,"column":50},"end":{"line":54,"column":89}}],"line":54},"13":{"loc":{"start":{"line":62,"column":17},"end":{"line":80,"column":17}},"type":"cond-expr","locations":[{"start":{"line":62,"column":43},"end":{"line":80,"column":12}},{"start":{"line":80,"column":15},"end":{"line":80,"column":17}}],"line":62},"14":{"loc":{"start":{"line":75,"column":18},"end":{"line":75,"column":102}},"type":"cond-expr","locations":[{"start":{"line":75,"column":32},"end":{"line":75,"column":97}},{"start":{"line":75,"column":100},"end":{"line":75,"column":102}}],"line":75},"15":{"loc":{"start":{"line":78,"column":18},"end":{"line":78,"column":106}},"type":"cond-expr","locations":[{"start":{"line":78,"column":32},"end":{"line":78,"column":101}},{"start":{"line":78,"column":104},"end":{"line":78,"column":106}}],"line":78},"16":{"loc":{"start":{"line":94,"column":15},"end":{"line":94,"column":132}},"type":"cond-expr","locations":[{"start":{"line":94,"column":34},"end":{"line":94,"column":127}},{"start":{"line":94,"column":130},"end":{"line":94,"column":132}}],"line":94},"17":{"loc":{"start":{"line":95,"column":15},"end":{"line":95,"column":85}},"type":"cond-expr","locations":[{"start":{"line":95,"column":34},"end":{"line":95,"column":80}},{"start":{"line":95,"column":83},"end":{"line":95,"column":85}}],"line":95},"18":{"loc":{"start":{"line":96,"column":15},"end":{"line":96,"column":68}},"type":"cond-expr","locations":[{"start":{"line":96,"column":29},"end":{"line":96,"column":63}},{"start":{"line":96,"column":66},"end":{"line":96,"column":68}}],"line":96},"19":{"loc":{"start":{"line":97,"column":15},"end":{"line":97,"column":70}},"type":"cond-expr","locations":[{"start":{"line":97,"column":31},"end":{"line":97,"column":65}},{"start":{"line":97,"column":68},"end":{"line":97,"column":70}}],"line":97},"20":{"loc":{"start":{"line":98,"column":15},"end":{"line":100,"column":16}},"type":"cond-expr","locations":[{"start":{"line":99,"column":22},"end":{"line":99,"column":149}},{"start":{"line":100,"column":14},"end":{"line":100,"column":16}}],"line":98},"21":{"loc":{"start":{"line":99,"column":22},"end":{"line":99,"column":149}},"type":"cond-expr","locations":[{"start":{"line":99,"column":49},"end":{"line":99,"column":144}},{"start":{"line":99,"column":147},"end":{"line":99,"column":149}}],"line":99},"22":{"loc":{"start":{"line":116,"column":15},"end":{"line":116,"column":86}},"type":"cond-expr","locations":[{"start":{"line":116,"column":35},"end":{"line":116,"column":81}},{"start":{"line":116,"column":84},"end":{"line":116,"column":86}}],"line":116},"23":{"loc":{"start":{"line":117,"column":15},"end":{"line":117,"column":69}},"type":"cond-expr","locations":[{"start":{"line":117,"column":30},"end":{"line":117,"column":64}},{"start":{"line":117,"column":67},"end":{"line":117,"column":69}}],"line":117},"24":{"loc":{"start":{"line":120,"column":18},"end":{"line":120,"column":89}},"type":"cond-expr","locations":[{"start":{"line":120,"column":38},"end":{"line":120,"column":84}},{"start":{"line":120,"column":87},"end":{"line":120,"column":89}}],"line":120},"25":{"loc":{"start":{"line":155,"column":15},"end":{"line":155,"column":65}},"type":"cond-expr","locations":[{"start":{"line":155,"column":29},"end":{"line":155,"column":60}},{"start":{"line":155,"column":63},"end":{"line":155,"column":65}}],"line":155},"26":{"loc":{"start":{"line":157,"column":16},"end":{"line":160,"column":22}},"type":"cond-expr","locations":[{"start":{"line":157,"column":96},"end":{"line":160,"column":17}},{"start":{"line":160,"column":20},"end":{"line":160,"column":22}}],"line":157},"27":{"loc":{"start":{"line":157,"column":16},"end":{"line":157,"column":93}},"type":"binary-expr","locations":[{"start":{"line":157,"column":16},"end":{"line":157,"column":27}},{"start":{"line":157,"column":31},"end":{"line":157,"column":53}},{"start":{"line":157,"column":57},"end":{"line":157,"column":93}}],"line":157},"28":{"loc":{"start":{"line":165,"column":15},"end":{"line":165,"column":68}},"type":"cond-expr","locations":[{"start":{"line":165,"column":29},"end":{"line":165,"column":63}},{"start":{"line":165,"column":66},"end":{"line":165,"column":68}}],"line":165},"29":{"loc":{"start":{"line":166,"column":15},"end":{"line":166,"column":67}},"type":"cond-expr","locations":[{"start":{"line":166,"column":29},"end":{"line":166,"column":62}},{"start":{"line":166,"column":65},"end":{"line":166,"column":67}}],"line":166},"30":{"loc":{"start":{"line":167,"column":15},"end":{"line":167,"column":69}},"type":"cond-expr","locations":[{"start":{"line":167,"column":30},"end":{"line":167,"column":64}},{"start":{"line":167,"column":67},"end":{"line":167,"column":69}}],"line":167},"31":{"loc":{"start":{"line":168,"column":15},"end":{"line":170,"column":16}},"type":"cond-expr","locations":[{"start":{"line":169,"column":18},"end":{"line":169,"column":145}},{"start":{"line":170,"column":14},"end":{"line":170,"column":16}}],"line":168},"32":{"loc":{"start":{"line":169,"column":18},"end":{"line":169,"column":145}},"type":"cond-expr","locations":[{"start":{"line":169,"column":45},"end":{"line":169,"column":140}},{"start":{"line":169,"column":143},"end":{"line":169,"column":145}}],"line":169},"33":{"loc":{"start":{"line":172,"column":15},"end":{"line":174,"column":16}},"type":"cond-expr","locations":[{"start":{"line":173,"column":18},"end":{"line":173,"column":146}},{"start":{"line":174,"column":14},"end":{"line":174,"column":16}}],"line":172},"34":{"loc":{"start":{"line":173,"column":18},"end":{"line":173,"column":146}},"type":"cond-expr","locations":[{"start":{"line":173,"column":44},"end":{"line":173,"column":141}},{"start":{"line":173,"column":144},"end":{"line":173,"column":146}}],"line":173},"35":{"loc":{"start":{"line":176,"column":26},"end":{"line":176,"column":70}},"type":"binary-expr","locations":[{"start":{"line":176,"column":26},"end":{"line":176,"column":64}},{"start":{"line":176,"column":68},"end":{"line":176,"column":70}}],"line":176},"36":{"loc":{"start":{"line":179,"column":20},"end":{"line":189,"column":18}},"type":"cond-expr","locations":[{"start":{"line":179,"column":60},"end":{"line":183,"column":17}},{"start":{"line":183,"column":21},"end":{"line":189,"column":17}}],"line":179},"37":{"loc":{"start":{"line":183,"column":21},"end":{"line":189,"column":17}},"type":"cond-expr","locations":[{"start":{"line":183,"column":105},"end":{"line":186,"column":17}},{"start":{"line":186,"column":20},"end":{"line":189,"column":17}}],"line":183},"38":{"loc":{"start":{"line":183,"column":21},"end":{"line":183,"column":102}},"type":"binary-expr","locations":[{"start":{"line":183,"column":21},"end":{"line":183,"column":59}},{"start":{"line":183,"column":63},"end":{"line":183,"column":102}}],"line":183},"39":{"loc":{"start":{"line":201,"column":23},"end":{"line":201,"column":53}},"type":"binary-expr","locations":[{"start":{"line":201,"column":23},"end":{"line":201,"column":45}},{"start":{"line":201,"column":49},"end":{"line":201,"column":53}}],"line":201},"40":{"loc":{"start":{"line":218,"column":15},"end":{"line":218,"column":65}},"type":"cond-expr","locations":[{"start":{"line":218,"column":29},"end":{"line":218,"column":60}},{"start":{"line":218,"column":63},"end":{"line":218,"column":65}}],"line":218},"41":{"loc":{"start":{"line":219,"column":15},"end":{"line":219,"column":68}},"type":"cond-expr","locations":[{"start":{"line":219,"column":29},"end":{"line":219,"column":63}},{"start":{"line":219,"column":66},"end":{"line":219,"column":68}}],"line":219},"42":{"loc":{"start":{"line":220,"column":15},"end":{"line":220,"column":67}},"type":"cond-expr","locations":[{"start":{"line":220,"column":29},"end":{"line":220,"column":62}},{"start":{"line":220,"column":65},"end":{"line":220,"column":67}}],"line":220},"43":{"loc":{"start":{"line":221,"column":15},"end":{"line":221,"column":69}},"type":"cond-expr","locations":[{"start":{"line":221,"column":30},"end":{"line":221,"column":64}},{"start":{"line":221,"column":67},"end":{"line":221,"column":69}}],"line":221},"44":{"loc":{"start":{"line":222,"column":15},"end":{"line":224,"column":16}},"type":"cond-expr","locations":[{"start":{"line":223,"column":18},"end":{"line":223,"column":163}},{"start":{"line":224,"column":14},"end":{"line":224,"column":16}}],"line":222},"45":{"loc":{"start":{"line":223,"column":18},"end":{"line":223,"column":163}},"type":"cond-expr","locations":[{"start":{"line":223,"column":51},"end":{"line":223,"column":158}},{"start":{"line":223,"column":161},"end":{"line":223,"column":163}}],"line":223},"46":{"loc":{"start":{"line":226,"column":28},"end":{"line":226,"column":64}},"type":"binary-expr","locations":[{"start":{"line":226,"column":28},"end":{"line":226,"column":58}},{"start":{"line":226,"column":62},"end":{"line":226,"column":64}}],"line":226},"47":{"loc":{"start":{"line":227,"column":26},"end":{"line":227,"column":70}},"type":"binary-expr","locations":[{"start":{"line":227,"column":26},"end":{"line":227,"column":64}},{"start":{"line":227,"column":68},"end":{"line":227,"column":70}}],"line":227},"48":{"loc":{"start":{"line":231,"column":19},"end":{"line":231,"column":130}},"type":"cond-expr","locations":[{"start":{"line":231,"column":32},"end":{"line":231,"column":125}},{"start":{"line":231,"column":128},"end":{"line":231,"column":130}}],"line":231},"49":{"loc":{"start":{"line":232,"column":19},"end":{"line":232,"column":77}},"type":"cond-expr","locations":[{"start":{"line":232,"column":32},"end":{"line":232,"column":72}},{"start":{"line":232,"column":75},"end":{"line":232,"column":77}}],"line":232},"50":{"loc":{"start":{"line":233,"column":19},"end":{"line":233,"column":70}},"type":"cond-expr","locations":[{"start":{"line":233,"column":32},"end":{"line":233,"column":65}},{"start":{"line":233,"column":68},"end":{"line":233,"column":70}}],"line":233},"51":{"loc":{"start":{"line":239,"column":19},"end":{"line":239,"column":89}},"type":"cond-expr","locations":[{"start":{"line":239,"column":38},"end":{"line":239,"column":84}},{"start":{"line":239,"column":87},"end":{"line":239,"column":89}}],"line":239},"52":{"loc":{"start":{"line":251,"column":23},"end":{"line":251,"column":133}},"type":"cond-expr","locations":[{"start":{"line":251,"column":36},"end":{"line":251,"column":128}},{"start":{"line":251,"column":131},"end":{"line":251,"column":133}}],"line":251},"53":{"loc":{"start":{"line":265,"column":22},"end":{"line":265,"column":137}},"type":"cond-expr","locations":[{"start":{"line":265,"column":35},"end":{"line":265,"column":132}},{"start":{"line":265,"column":135},"end":{"line":265,"column":137}}],"line":265},"54":{"loc":{"start":{"line":277,"column":26},"end":{"line":277,"column":142}},"type":"cond-expr","locations":[{"start":{"line":277,"column":39},"end":{"line":277,"column":137}},{"start":{"line":277,"column":140},"end":{"line":277,"column":142}}],"line":277},"55":{"loc":{"start":{"line":282,"column":15},"end":{"line":311,"column":18}},"type":"cond-expr","locations":[{"start":{"line":282,"column":40},"end":{"line":311,"column":13}},{"start":{"line":311,"column":16},"end":{"line":311,"column":18}}],"line":282},"56":{"loc":{"start":{"line":283,"column":19},"end":{"line":310,"column":20}},"type":"cond-expr","locations":[{"start":{"line":284,"column":16},"end":{"line":309,"column":17}},{"start":{"line":310,"column":18},"end":{"line":310,"column":20}}],"line":283},"57":{"loc":{"start":{"line":331,"column":15},"end":{"line":331,"column":65}},"type":"cond-expr","locations":[{"start":{"line":331,"column":28},"end":{"line":331,"column":60}},{"start":{"line":331,"column":63},"end":{"line":331,"column":65}}],"line":331},"58":{"loc":{"start":{"line":336,"column":19},"end":{"line":336,"column":130}},"type":"cond-expr","locations":[{"start":{"line":336,"column":32},"end":{"line":336,"column":125}},{"start":{"line":336,"column":128},"end":{"line":336,"column":130}}],"line":336},"59":{"loc":{"start":{"line":337,"column":19},"end":{"line":337,"column":77}},"type":"cond-expr","locations":[{"start":{"line":337,"column":32},"end":{"line":337,"column":72}},{"start":{"line":337,"column":75},"end":{"line":337,"column":77}}],"line":337},"60":{"loc":{"start":{"line":344,"column":23},"end":{"line":344,"column":133}},"type":"cond-expr","locations":[{"start":{"line":344,"column":36},"end":{"line":344,"column":128}},{"start":{"line":344,"column":131},"end":{"line":344,"column":133}}],"line":344}},"s":{"0":4,"1":0,"2":0,"3":0,"4":0,"5":0,"6":4,"7":0,"8":0,"9":0,"10":4,"11":4,"12":4,"13":12,"14":4,"15":0,"16":0,"17":0,"18":4,"19":0,"20":0,"21":0,"22":4,"23":0,"24":0,"25":0},"f":{"0":0,"1":0,"2":0,"3":0,"4":0,"5":0,"6":0,"7":0,"8":4,"9":4,"10":12,"11":0,"12":0,"13":0,"14":0,"15":0,"16":0,"17":0,"18":0,"19":0},"b":{"0":[0,0],"1":[0,0],"2":[0,0],"3":[0,0],"4":[0,0],"5":[0,0],"6":[0,0],"7":[0,0],"8":[0,0],"9":[0,0],"10":[0,0],"11":[0,0],"12":[0,0],"13":[0,0],"14":[0,0],"15":[0,0],"16":[0,0],"17":[0,0],"18":[0,0],"19":[0,0],"20":[0,0],"21":[0,0],"22":[12,0],"23":[12,0],"24":[12,0],"25":[0,0],"26":[0,0],"27":[0,0,0],"28":[0,0],"29":[0,0],"30":[0,0],"31":[0,0],"32":[0,0],"33":[0,0],"34":[0,0],"35":[0,0],"36":[0,0],"37":[0,0],"38":[0,0],"39":[0,0],"40":[0,0],"41":[0,0],"42":[0,0],"43":[0,0],"44":[0,0],"45":[0,0],"46":[0,0],"47":[0,0],"48":[0,0],"49":[0,0],"50":[0,0],"51":[0,0],"52":[0,0],"53":[0,0],"54":[0,0],"55":[0,0],"56":[0,0],"57":[0,0],"58":[0,0],"59":[0,0],"60":[0,0]},"_coverageSchema":"1a1c01bbd47fc00a2c39e90264f33305004495a9","hash":"e6a7d2a3c619dbcb48997882ae21dc65880aed95"}
,"/Users/paque/Desktop/works/web-components-common/src/styles/constants.js": {"path":"/Users/paque/Desktop/works/web-components-common/src/styles/constants.js","statementMap":{"0":{"start":{"line":1,"column":21},"end":{"line":21,"column":1}},"1":{"start":{"line":26,"column":20},"end":{"line":30,"column":1}},"2":{"start":{"line":32,"column":22},"end":{"line":37,"column":1}}},"fnMap":{},"branchMap":{},"s":{"0":4,"1":4,"2":4},"f":{},"b":{},"_coverageSchema":"1a1c01bbd47fc00a2c39e90264f33305004495a9","hash":"b8fb4e88d8c185f753def77f25579b3f7c1f7d77"}
,"/Users/paque/Desktop/works/web-components-common/src/test/mock/fields-data/atom.model.config.js": {"path":"/Users/paque/Desktop/works/web-components-common/src/test/mock/fields-data/atom.model.config.js","statementMap":{"0":{"start":{"line":1,"column":20},"end":{"line":8,"column":1}},"1":{"start":{"line":9,"column":30},"end":{"line":16,"column":1}},"2":{"start":{"line":18,"column":23},"end":{"line":23,"column":1}},"3":{"start":{"line":25,"column":30},"end":{"line":30,"column":1}},"4":{"start":{"line":32,"column":22},"end":{"line":32,"column":29}},"5":{"start":{"line":34,"column":27},"end":{"line":39,"column":1}},"6":{"start":{"line":41,"column":28},"end":{"line":46,"column":1}},"7":{"start":{"line":49,"column":31},"end":{"line":58,"column":1}},"8":{"start":{"line":59,"column":31},"end":{"line":68,"column":1}},"9":{"start":{"line":70,"column":31},"end":{"line":79,"column":1}},"10":{"start":{"line":82,"column":22},"end":{"line":82,"column":37}},"11":{"start":{"line":84,"column":31},"end":{"line":84,"column":53}},"12":{"start":{"line":85,"column":30},"end":{"line":85,"column":56}},"13":{"start":{"line":87,"column":23},"end":{"line":87,"column":35}},"14":{"start":{"line":88,"column":25},"end":{"line":88,"column":39}},"15":{"start":{"line":90,"column":26},"end":{"line":94,"column":1}},"16":{"start":{"line":97,"column":34},"end":{"line":99,"column":1}},"17":{"start":{"line":103,"column":21},"end":{"line":108,"column":1}},"18":{"start":{"line":110,"column":21},"end":{"line":115,"column":1}},"19":{"start":{"line":117,"column":22},"end":{"line":122,"column":1}},"20":{"start":{"line":124,"column":22},"end":{"line":129,"column":1}},"21":{"start":{"line":131,"column":27},"end":{"line":136,"column":1}},"22":{"start":{"line":138,"column":32},"end":{"line":144,"column":1}},"23":{"start":{"line":146,"column":43},"end":{"line":152,"column":1}},"24":{"start":{"line":154,"column":36},"end":{"line":160,"column":1}},"25":{"start":{"line":165,"column":25},"end":{"line":174,"column":1}},"26":{"start":{"line":175,"column":22},"end":{"line":184,"column":1}},"27":{"start":{"line":186,"column":22},"end":{"line":195,"column":1}},"28":{"start":{"line":197,"column":24},"end":{"line":203,"column":1}},"29":{"start":{"line":205,"column":25},"end":{"line":209,"column":1}},"30":{"start":{"line":210,"column":31},"end":{"line":214,"column":1}}},"fnMap":{},"branchMap":{},"s":{"0":4,"1":4,"2":4,"3":4,"4":4,"5":4,"6":4,"7":4,"8":4,"9":4,"10":4,"11":4,"12":4,"13":4,"14":4,"15":4,"16":4,"17":4,"18":4,"19":4,"20":4,"21":4,"22":4,"23":4,"24":4,"25":4,"26":4,"27":4,"28":4,"29":4,"30":4},"f":{},"b":{},"_coverageSchema":"1a1c01bbd47fc00a2c39e90264f33305004495a9","hash":"044cce57ae2cf033cf1087fd734e4d6bd79b09a9"}
,"/Users/paque/Desktop/works/web-components-common/src/test/mock/fields-data/molecules.model.config.js": {"path":"/Users/paque/Desktop/works/web-components-common/src/test/mock/fields-data/molecules.model.config.js","statementMap":{"0":{"start":{"line":14,"column":25},"end":{"line":33,"column":1}},"1":{"start":{"line":35,"column":25},"end":{"line":66,"column":1}},"2":{"start":{"line":68,"column":23},"end":{"line":78,"column":1}},"3":{"start":{"line":80,"column":31},"end":{"line":90,"column":1}},"4":{"start":{"line":96,"column":38},"end":{"line":148,"column":1}},"5":{"start":{"line":150,"column":35},"end":{"line":202,"column":1}},"6":{"start":{"line":204,"column":35},"end":{"line":256,"column":1}},"7":{"start":{"line":258,"column":38},"end":{"line":316,"column":1}},"8":{"start":{"line":318,"column":23},"end":{"line":369,"column":1}}},"fnMap":{},"branchMap":{},"s":{"0":3,"1":3,"2":3,"3":3,"4":3,"5":3,"6":3,"7":3,"8":3},"f":{},"b":{},"_coverageSchema":"1a1c01bbd47fc00a2c39e90264f33305004495a9","hash":"d7366ba03f22dcf611dd0e0984acf3ddab06e069"}
,"/Users/paque/Desktop/works/web-components-common/src/test/mock/fields-data/organism.model.config.js": {"path":"/Users/paque/Desktop/works/web-components-common/src/test/mock/fields-data/organism.model.config.js","statementMap":{"0":{"start":{"line":29,"column":27},"end":{"line":82,"column":1}},"1":{"start":{"line":84,"column":34},"end":{"line":132,"column":1}},"2":{"start":{"line":134,"column":32},"end":{"line":168,"column":1}},"3":{"start":{"line":170,"column":39},"end":{"line":201,"column":1}},"4":{"start":{"line":203,"column":37},"end":{"line":208,"column":1}},"5":{"start":{"line":210,"column":29},"end":{"line":220,"column":1}},"6":{"start":{"line":221,"column":31},"end":{"line":231,"column":1}},"7":{"start":{"line":233,"column":28},"end":{"line":239,"column":1}},"8":{"start":{"line":241,"column":34},"end":{"line":246,"column":1}},"9":{"start":{"line":248,"column":35},"end":{"line":273,"column":1}},"10":{"start":{"line":276,"column":44},"end":{"line":307,"column":1}}},"fnMap":{},"branchMap":{},"s":{"0":3,"1":3,"2":3,"3":3,"4":3,"5":3,"6":3,"7":3,"8":3,"9":3,"10":3},"f":{},"b":{},"_coverageSchema":"1a1c01bbd47fc00a2c39e90264f33305004495a9","hash":"b189a1b4180413205b07e62240de49085dc601ce"}
,"/Users/paque/Desktop/works/web-components-common/src/utils/StyleGenerator.js": {"path":"/Users/paque/Desktop/works/web-components-common/src/utils/StyleGenerator.js","statementMap":{"0":{"start":{"line":4,"column":24},"end":{"line":41,"column":1}},"1":{"start":{"line":5,"column":4},"end":{"line":23,"column":5}},"2":{"start":{"line":6,"column":8},"end":{"line":22,"column":9}},"3":{"start":{"line":24,"column":4},"end":{"line":40,"column":5}},"4":{"start":{"line":43,"column":23},"end":{"line":80,"column":1}},"5":{"start":{"line":44,"column":4},"end":{"line":62,"column":5}},"6":{"start":{"line":45,"column":8},"end":{"line":61,"column":9}},"7":{"start":{"line":63,"column":4},"end":{"line":79,"column":1}},"8":{"start":{"line":82,"column":21},"end":{"line":159,"column":1}},"9":{"start":{"line":83,"column":4},"end":{"line":121,"column":5}},"10":{"start":{"line":84,"column":8},"end":{"line":120,"column":13}},"11":{"start":{"line":122,"column":4},"end":{"line":158,"column":5}},"12":{"start":{"line":161,"column":31},"end":{"line":199,"column":1}},"13":{"start":{"line":162,"column":4},"end":{"line":198,"column":5}},"14":{"start":{"line":202,"column":23},"end":{"line":257,"column":1}},"15":{"start":{"line":203,"column":4},"end":{"line":256,"column":5}},"16":{"start":{"line":259,"column":25},"end":{"line":265,"column":1}},"17":{"start":{"line":260,"column":4},"end":{"line":264,"column":5}},"18":{"start":{"line":261,"column":8},"end":{"line":261,"column":24}},"19":{"start":{"line":263,"column":8},"end":{"line":263,"column":52}},"20":{"start":{"line":267,"column":32},"end":{"line":276,"column":1}},"21":{"start":{"line":268,"column":26},"end":{"line":268,"column":43}},"22":{"start":{"line":269,"column":4},"end":{"line":275,"column":5}},"23":{"start":{"line":278,"column":16},"end":{"line":284,"column":1}},"24":{"start":{"line":279,"column":4},"end":{"line":283,"column":7}},"25":{"start":{"line":280,"column":8},"end":{"line":282,"column":30}},"26":{"start":{"line":287,"column":32},"end":{"line":295,"column":1}},"27":{"start":{"line":288,"column":4},"end":{"line":288,"column":40}},"28":{"start":{"line":288,"column":30},"end":{"line":288,"column":40}},"29":{"start":{"line":289,"column":17},"end":{"line":289,"column":68}},"30":{"start":{"line":290,"column":4},"end":{"line":294,"column":5}},"31":{"start":{"line":297,"column":44},"end":{"line":305,"column":1}},"32":{"start":{"line":298,"column":4},"end":{"line":298,"column":29}},"33":{"start":{"line":298,"column":19},"end":{"line":298,"column":29}},"34":{"start":{"line":299,"column":17},"end":{"line":299,"column":57}},"35":{"start":{"line":300,"column":4},"end":{"line":304,"column":5}},"36":{"start":{"line":307,"column":36},"end":{"line":328,"column":1}},"37":{"start":{"line":308,"column":4},"end":{"line":308,"column":40}},"38":{"start":{"line":308,"column":30},"end":{"line":308,"column":40}},"39":{"start":{"line":310,"column":17},"end":{"line":310,"column":68}},"40":{"start":{"line":311,"column":22},"end":{"line":311,"column":48}},"41":{"start":{"line":313,"column":4},"end":{"line":327,"column":5}},"42":{"start":{"line":314,"column":25},"end":{"line":314,"column":75}},"43":{"start":{"line":316,"column":8},"end":{"line":320,"column":5}},"44":{"start":{"line":322,"column":8},"end":{"line":326,"column":5}},"45":{"start":{"line":330,"column":48},"end":{"line":351,"column":1}},"46":{"start":{"line":331,"column":4},"end":{"line":331,"column":29}},"47":{"start":{"line":331,"column":19},"end":{"line":331,"column":29}},"48":{"start":{"line":333,"column":17},"end":{"line":333,"column":57}},"49":{"start":{"line":334,"column":22},"end":{"line":334,"column":48}},"50":{"start":{"line":336,"column":4},"end":{"line":350,"column":5}},"51":{"start":{"line":337,"column":25},"end":{"line":337,"column":75}},"52":{"start":{"line":339,"column":8},"end":{"line":343,"column":5}},"53":{"start":{"line":345,"column":8},"end":{"line":349,"column":5}}},"fnMap":{"0":{"name":"(anonymous_0)","decl":{"start":{"line":4,"column":24},"end":{"line":4,"column":25}},"loc":{"start":{"line":4,"column":49},"end":{"line":41,"column":1}},"line":4},"1":{"name":"(anonymous_1)","decl":{"start":{"line":43,"column":23},"end":{"line":43,"column":24}},"loc":{"start":{"line":43,"column":48},"end":{"line":80,"column":1}},"line":43},"2":{"name":"(anonymous_2)","decl":{"start":{"line":82,"column":21},"end":{"line":82,"column":22}},"loc":{"start":{"line":82,"column":46},"end":{"line":159,"column":1}},"line":82},"3":{"name":"(anonymous_3)","decl":{"start":{"line":161,"column":31},"end":{"line":161,"column":32}},"loc":{"start":{"line":161,"column":47},"end":{"line":199,"column":1}},"line":161},"4":{"name":"(anonymous_4)","decl":{"start":{"line":202,"column":23},"end":{"line":202,"column":24}},"loc":{"start":{"line":202,"column":39},"end":{"line":257,"column":1}},"line":202},"5":{"name":"(anonymous_5)","decl":{"start":{"line":259,"column":25},"end":{"line":259,"column":26}},"loc":{"start":{"line":259,"column":45},"end":{"line":265,"column":1}},"line":259},"6":{"name":"(anonymous_6)","decl":{"start":{"line":267,"column":32},"end":{"line":267,"column":33}},"loc":{"start":{"line":267,"column":53},"end":{"line":276,"column":1}},"line":267},"7":{"name":"(anonymous_7)","decl":{"start":{"line":278,"column":16},"end":{"line":278,"column":17}},"loc":{"start":{"line":278,"column":23},"end":{"line":284,"column":1}},"line":278},"8":{"name":"(anonymous_8)","decl":{"start":{"line":279,"column":38},"end":{"line":279,"column":39}},"loc":{"start":{"line":279,"column":46},"end":{"line":283,"column":5}},"line":279},"9":{"name":"(anonymous_9)","decl":{"start":{"line":287,"column":32},"end":{"line":287,"column":33}},"loc":{"start":{"line":287,"column":65},"end":{"line":295,"column":1}},"line":287},"10":{"name":"(anonymous_10)","decl":{"start":{"line":297,"column":44},"end":{"line":297,"column":45}},"loc":{"start":{"line":297,"column":75},"end":{"line":305,"column":1}},"line":297},"11":{"name":"(anonymous_11)","decl":{"start":{"line":307,"column":36},"end":{"line":307,"column":37}},"loc":{"start":{"line":307,"column":69},"end":{"line":328,"column":1}},"line":307},"12":{"name":"(anonymous_12)","decl":{"start":{"line":330,"column":48},"end":{"line":330,"column":49}},"loc":{"start":{"line":330,"column":79},"end":{"line":351,"column":1}},"line":330}},"branchMap":{"0":{"loc":{"start":{"line":5,"column":4},"end":{"line":23,"column":5}},"type":"if","locations":[{"start":{"line":5,"column":4},"end":{"line":23,"column":5}},{"start":{"line":5,"column":4},"end":{"line":23,"column":5}}],"line":5},"1":{"loc":{"start":{"line":7,"column":15},"end":{"line":9,"column":16}},"type":"cond-expr","locations":[{"start":{"line":8,"column":12},"end":{"line":8,"column":67}},{"start":{"line":9,"column":14},"end":{"line":9,"column":16}}],"line":7},"2":{"loc":{"start":{"line":7,"column":15},"end":{"line":7,"column":111}},"type":"binary-expr","locations":[{"start":{"line":7,"column":15},"end":{"line":7,"column":33}},{"start":{"line":7,"column":37},"end":{"line":7,"column":68}},{"start":{"line":7,"column":72},"end":{"line":7,"column":111}}],"line":7},"3":{"loc":{"start":{"line":11,"column":15},"end":{"line":13,"column":16}},"type":"cond-expr","locations":[{"start":{"line":12,"column":12},"end":{"line":12,"column":73}},{"start":{"line":13,"column":14},"end":{"line":13,"column":16}}],"line":11},"4":{"loc":{"start":{"line":11,"column":15},"end":{"line":11,"column":117}},"type":"binary-expr","locations":[{"start":{"line":11,"column":15},"end":{"line":11,"column":33}},{"start":{"line":11,"column":37},"end":{"line":11,"column":71}},{"start":{"line":11,"column":75},"end":{"line":11,"column":117}}],"line":11},"5":{"loc":{"start":{"line":15,"column":15},"end":{"line":17,"column":16}},"type":"cond-expr","locations":[{"start":{"line":16,"column":12},"end":{"line":16,"column":69}},{"start":{"line":17,"column":14},"end":{"line":17,"column":16}}],"line":15},"6":{"loc":{"start":{"line":15,"column":15},"end":{"line":15,"column":113}},"type":"binary-expr","locations":[{"start":{"line":15,"column":15},"end":{"line":15,"column":33}},{"start":{"line":15,"column":37},"end":{"line":15,"column":69}},{"start":{"line":15,"column":73},"end":{"line":15,"column":113}}],"line":15},"7":{"loc":{"start":{"line":19,"column":17},"end":{"line":21,"column":16}},"type":"cond-expr","locations":[{"start":{"line":20,"column":12},"end":{"line":20,"column":71}},{"start":{"line":21,"column":14},"end":{"line":21,"column":16}}],"line":19},"8":{"loc":{"start":{"line":19,"column":17},"end":{"line":19,"column":117}},"type":"binary-expr","locations":[{"start":{"line":19,"column":17},"end":{"line":19,"column":35}},{"start":{"line":19,"column":39},"end":{"line":19,"column":72}},{"start":{"line":19,"column":76},"end":{"line":19,"column":117}}],"line":19},"9":{"loc":{"start":{"line":25,"column":7},"end":{"line":27,"column":12}},"type":"cond-expr","locations":[{"start":{"line":26,"column":8},"end":{"line":26,"column":54}},{"start":{"line":27,"column":10},"end":{"line":27,"column":12}}],"line":25},"10":{"loc":{"start":{"line":25,"column":7},"end":{"line":25,"column":85}},"type":"binary-expr","locations":[{"start":{"line":25,"column":7},"end":{"line":25,"column":25}},{"start":{"line":25,"column":29},"end":{"line":25,"column":51}},{"start":{"line":25,"column":55},"end":{"line":25,"column":85}}],"line":25},"11":{"loc":{"start":{"line":29,"column":9},"end":{"line":31,"column":12}},"type":"cond-expr","locations":[{"start":{"line":30,"column":8},"end":{"line":30,"column":60}},{"start":{"line":31,"column":10},"end":{"line":31,"column":12}}],"line":29},"12":{"loc":{"start":{"line":29,"column":9},"end":{"line":29,"column":93}},"type":"binary-expr","locations":[{"start":{"line":29,"column":9},"end":{"line":29,"column":27}},{"start":{"line":29,"column":31},"end":{"line":29,"column":56}},{"start":{"line":29,"column":60},"end":{"line":29,"column":93}}],"line":29},"13":{"loc":{"start":{"line":33,"column":9},"end":{"line":35,"column":12}},"type":"cond-expr","locations":[{"start":{"line":34,"column":8},"end":{"line":34,"column":56}},{"start":{"line":35,"column":10},"end":{"line":35,"column":12}}],"line":33},"14":{"loc":{"start":{"line":33,"column":9},"end":{"line":33,"column":89}},"type":"binary-expr","locations":[{"start":{"line":33,"column":9},"end":{"line":33,"column":27}},{"start":{"line":33,"column":31},"end":{"line":33,"column":54}},{"start":{"line":33,"column":58},"end":{"line":33,"column":89}}],"line":33},"15":{"loc":{"start":{"line":37,"column":9},"end":{"line":39,"column":12}},"type":"cond-expr","locations":[{"start":{"line":38,"column":8},"end":{"line":38,"column":58}},{"start":{"line":39,"column":10},"end":{"line":39,"column":12}}],"line":37},"16":{"loc":{"start":{"line":37,"column":9},"end":{"line":37,"column":91}},"type":"binary-expr","locations":[{"start":{"line":37,"column":9},"end":{"line":37,"column":27}},{"start":{"line":37,"column":31},"end":{"line":37,"column":55}},{"start":{"line":37,"column":59},"end":{"line":37,"column":91}}],"line":37},"17":{"loc":{"start":{"line":44,"column":4},"end":{"line":62,"column":5}},"type":"if","locations":[{"start":{"line":44,"column":4},"end":{"line":62,"column":5}},{"start":{"line":44,"column":4},"end":{"line":62,"column":5}}],"line":44},"18":{"loc":{"start":{"line":46,"column":15},"end":{"line":48,"column":16}},"type":"cond-expr","locations":[{"start":{"line":47,"column":12},"end":{"line":47,"column":65}},{"start":{"line":48,"column":14},"end":{"line":48,"column":16}}],"line":46},"19":{"loc":{"start":{"line":46,"column":15},"end":{"line":46,"column":108}},"type":"binary-expr","locations":[{"start":{"line":46,"column":15},"end":{"line":46,"column":32}},{"start":{"line":46,"column":36},"end":{"line":46,"column":66}},{"start":{"line":46,"column":70},"end":{"line":46,"column":108}}],"line":46},"20":{"loc":{"start":{"line":50,"column":17},"end":{"line":52,"column":16}},"type":"cond-expr","locations":[{"start":{"line":51,"column":12},"end":{"line":51,"column":71}},{"start":{"line":52,"column":14},"end":{"line":52,"column":16}}],"line":50},"21":{"loc":{"start":{"line":50,"column":17},"end":{"line":50,"column":116}},"type":"binary-expr","locations":[{"start":{"line":50,"column":17},"end":{"line":50,"column":34}},{"start":{"line":50,"column":38},"end":{"line":50,"column":71}},{"start":{"line":50,"column":75},"end":{"line":50,"column":116}}],"line":50},"22":{"loc":{"start":{"line":54,"column":17},"end":{"line":56,"column":16}},"type":"cond-expr","locations":[{"start":{"line":55,"column":12},"end":{"line":55,"column":67}},{"start":{"line":56,"column":14},"end":{"line":56,"column":16}}],"line":54},"23":{"loc":{"start":{"line":54,"column":17},"end":{"line":54,"column":112}},"type":"binary-expr","locations":[{"start":{"line":54,"column":17},"end":{"line":54,"column":34}},{"start":{"line":54,"column":38},"end":{"line":54,"column":69}},{"start":{"line":54,"column":73},"end":{"line":54,"column":112}}],"line":54},"24":{"loc":{"start":{"line":58,"column":17},"end":{"line":60,"column":16}},"type":"cond-expr","locations":[{"start":{"line":59,"column":12},"end":{"line":59,"column":69}},{"start":{"line":60,"column":14},"end":{"line":60,"column":16}}],"line":58},"25":{"loc":{"start":{"line":58,"column":17},"end":{"line":58,"column":114}},"type":"binary-expr","locations":[{"start":{"line":58,"column":17},"end":{"line":58,"column":34}},{"start":{"line":58,"column":38},"end":{"line":58,"column":70}},{"start":{"line":58,"column":74},"end":{"line":58,"column":114}}],"line":58},"26":{"loc":{"start":{"line":64,"column":7},"end":{"line":66,"column":12}},"type":"cond-expr","locations":[{"start":{"line":65,"column":8},"end":{"line":65,"column":52}},{"start":{"line":66,"column":10},"end":{"line":66,"column":12}}],"line":64},"27":{"loc":{"start":{"line":64,"column":7},"end":{"line":64,"column":82}},"type":"binary-expr","locations":[{"start":{"line":64,"column":7},"end":{"line":64,"column":24}},{"start":{"line":64,"column":28},"end":{"line":64,"column":49}},{"start":{"line":64,"column":53},"end":{"line":64,"column":82}}],"line":64},"28":{"loc":{"start":{"line":68,"column":9},"end":{"line":70,"column":12}},"type":"cond-expr","locations":[{"start":{"line":69,"column":8},"end":{"line":69,"column":58}},{"start":{"line":70,"column":10},"end":{"line":70,"column":12}}],"line":68},"29":{"loc":{"start":{"line":68,"column":9},"end":{"line":68,"column":90}},"type":"binary-expr","locations":[{"start":{"line":68,"column":9},"end":{"line":68,"column":26}},{"start":{"line":68,"column":30},"end":{"line":68,"column":54}},{"start":{"line":68,"column":58},"end":{"line":68,"column":90}}],"line":68},"30":{"loc":{"start":{"line":72,"column":9},"end":{"line":74,"column":12}},"type":"cond-expr","locations":[{"start":{"line":73,"column":8},"end":{"line":73,"column":54}},{"start":{"line":74,"column":10},"end":{"line":74,"column":12}}],"line":72},"31":{"loc":{"start":{"line":72,"column":9},"end":{"line":72,"column":86}},"type":"binary-expr","locations":[{"start":{"line":72,"column":9},"end":{"line":72,"column":26}},{"start":{"line":72,"column":30},"end":{"line":72,"column":52}},{"start":{"line":72,"column":56},"end":{"line":72,"column":86}}],"line":72},"32":{"loc":{"start":{"line":76,"column":9},"end":{"line":78,"column":12}},"type":"cond-expr","locations":[{"start":{"line":77,"column":8},"end":{"line":77,"column":56}},{"start":{"line":78,"column":10},"end":{"line":78,"column":12}}],"line":76},"33":{"loc":{"start":{"line":76,"column":9},"end":{"line":76,"column":88}},"type":"binary-expr","locations":[{"start":{"line":76,"column":9},"end":{"line":76,"column":26}},{"start":{"line":76,"column":30},"end":{"line":76,"column":53}},{"start":{"line":76,"column":57},"end":{"line":76,"column":88}}],"line":76},"34":{"loc":{"start":{"line":83,"column":4},"end":{"line":121,"column":5}},"type":"if","locations":[{"start":{"line":83,"column":4},"end":{"line":121,"column":5}},{"start":{"line":83,"column":4},"end":{"line":121,"column":5}}],"line":83},"35":{"loc":{"start":{"line":85,"column":14},"end":{"line":89,"column":16}},"type":"cond-expr","locations":[{"start":{"line":86,"column":12},"end":{"line":88,"column":52}},{"start":{"line":89,"column":14},"end":{"line":89,"column":16}}],"line":85},"36":{"loc":{"start":{"line":85,"column":14},"end":{"line":85,"column":104}},"type":"binary-expr","locations":[{"start":{"line":85,"column":14},"end":{"line":85,"column":29}},{"start":{"line":85,"column":33},"end":{"line":85,"column":63}},{"start":{"line":85,"column":67},"end":{"line":85,"column":104}}],"line":85},"37":{"loc":{"start":{"line":86,"column":23},"end":{"line":88,"column":48}},"type":"cond-expr","locations":[{"start":{"line":87,"column":18},"end":{"line":87,"column":57}},{"start":{"line":88,"column":18},"end":{"line":88,"column":48}}],"line":86},"38":{"loc":{"start":{"line":91,"column":15},"end":{"line":95,"column":16}},"type":"cond-expr","locations":[{"start":{"line":92,"column":12},"end":{"line":94,"column":53}},{"start":{"line":95,"column":14},"end":{"line":95,"column":16}}],"line":91},"39":{"loc":{"start":{"line":91,"column":15},"end":{"line":91,"column":107}},"type":"binary-expr","locations":[{"start":{"line":91,"column":15},"end":{"line":91,"column":30}},{"start":{"line":91,"column":34},"end":{"line":91,"column":65}},{"start":{"line":91,"column":69},"end":{"line":91,"column":107}}],"line":91},"40":{"loc":{"start":{"line":92,"column":24},"end":{"line":94,"column":49}},"type":"cond-expr","locations":[{"start":{"line":93,"column":18},"end":{"line":93,"column":58}},{"start":{"line":94,"column":18},"end":{"line":94,"column":49}}],"line":92},"41":{"loc":{"start":{"line":97,"column":15},"end":{"line":101,"column":16}},"type":"cond-expr","locations":[{"start":{"line":98,"column":12},"end":{"line":100,"column":55}},{"start":{"line":101,"column":14},"end":{"line":101,"column":16}}],"line":97},"42":{"loc":{"start":{"line":97,"column":15},"end":{"line":97,"column":111}},"type":"binary-expr","locations":[{"start":{"line":97,"column":15},"end":{"line":97,"column":30}},{"start":{"line":97,"column":34},"end":{"line":97,"column":67}},{"start":{"line":97,"column":71},"end":{"line":97,"column":111}}],"line":97},"43":{"loc":{"start":{"line":98,"column":27},"end":{"line":100,"column":51}},"type":"cond-expr","locations":[{"start":{"line":99,"column":18},"end":{"line":99,"column":60}},{"start":{"line":100,"column":18},"end":{"line":100,"column":51}}],"line":98},"44":{"loc":{"start":{"line":103,"column":15},"end":{"line":107,"column":16}},"type":"cond-expr","locations":[{"start":{"line":104,"column":12},"end":{"line":106,"column":56}},{"start":{"line":107,"column":14},"end":{"line":107,"column":16}}],"line":103},"45":{"loc":{"start":{"line":103,"column":15},"end":{"line":103,"column":113}},"type":"binary-expr","locations":[{"start":{"line":103,"column":15},"end":{"line":103,"column":30}},{"start":{"line":103,"column":34},"end":{"line":103,"column":68}},{"start":{"line":103,"column":72},"end":{"line":103,"column":113}}],"line":103},"46":{"loc":{"start":{"line":104,"column":28},"end":{"line":106,"column":52}},"type":"cond-expr","locations":[{"start":{"line":105,"column":18},"end":{"line":105,"column":61}},{"start":{"line":106,"column":18},"end":{"line":106,"column":52}}],"line":104},"47":{"loc":{"start":{"line":109,"column":15},"end":{"line":113,"column":16}},"type":"cond-expr","locations":[{"start":{"line":110,"column":12},"end":{"line":112,"column":55}},{"start":{"line":113,"column":14},"end":{"line":113,"column":16}}],"line":109},"48":{"loc":{"start":{"line":109,"column":15},"end":{"line":109,"column":111}},"type":"binary-expr","locations":[{"start":{"line":109,"column":15},"end":{"line":109,"column":30}},{"start":{"line":109,"column":34},"end":{"line":109,"column":67}},{"start":{"line":109,"column":71},"end":{"line":109,"column":111}}],"line":109},"49":{"loc":{"start":{"line":110,"column":27},"end":{"line":112,"column":51}},"type":"cond-expr","locations":[{"start":{"line":111,"column":18},"end":{"line":111,"column":60}},{"start":{"line":112,"column":18},"end":{"line":112,"column":51}}],"line":110},"50":{"loc":{"start":{"line":115,"column":15},"end":{"line":119,"column":16}},"type":"cond-expr","locations":[{"start":{"line":116,"column":12},"end":{"line":118,"column":56}},{"start":{"line":119,"column":14},"end":{"line":119,"column":16}}],"line":115},"51":{"loc":{"start":{"line":115,"column":15},"end":{"line":115,"column":113}},"type":"binary-expr","locations":[{"start":{"line":115,"column":15},"end":{"line":115,"column":30}},{"start":{"line":115,"column":34},"end":{"line":115,"column":68}},{"start":{"line":115,"column":72},"end":{"line":115,"column":113}}],"line":115},"52":{"loc":{"start":{"line":116,"column":28},"end":{"line":118,"column":52}},"type":"cond-expr","locations":[{"start":{"line":117,"column":18},"end":{"line":117,"column":61}},{"start":{"line":118,"column":18},"end":{"line":118,"column":52}}],"line":116},"53":{"loc":{"start":{"line":123,"column":6},"end":{"line":127,"column":12}},"type":"cond-expr","locations":[{"start":{"line":124,"column":8},"end":{"line":126,"column":39}},{"start":{"line":127,"column":10},"end":{"line":127,"column":12}}],"line":123},"54":{"loc":{"start":{"line":123,"column":6},"end":{"line":123,"column":78}},"type":"binary-expr","locations":[{"start":{"line":123,"column":6},"end":{"line":123,"column":21}},{"start":{"line":123,"column":25},"end":{"line":123,"column":46}},{"start":{"line":123,"column":50},"end":{"line":123,"column":78}}],"line":123},"55":{"loc":{"start":{"line":124,"column":19},"end":{"line":126,"column":35}},"type":"cond-expr","locations":[{"start":{"line":125,"column":14},"end":{"line":125,"column":44}},{"start":{"line":126,"column":14},"end":{"line":126,"column":35}}],"line":124},"56":{"loc":{"start":{"line":129,"column":7},"end":{"line":133,"column":12}},"type":"cond-expr","locations":[{"start":{"line":130,"column":8},"end":{"line":132,"column":40}},{"start":{"line":133,"column":10},"end":{"line":133,"column":12}}],"line":129},"57":{"loc":{"start":{"line":129,"column":7},"end":{"line":129,"column":81}},"type":"binary-expr","locations":[{"start":{"line":129,"column":7},"end":{"line":129,"column":22}},{"start":{"line":129,"column":26},"end":{"line":129,"column":48}},{"start":{"line":129,"column":52},"end":{"line":129,"column":81}}],"line":129},"58":{"loc":{"start":{"line":130,"column":20},"end":{"line":132,"column":36}},"type":"cond-expr","locations":[{"start":{"line":131,"column":14},"end":{"line":131,"column":45}},{"start":{"line":132,"column":14},"end":{"line":132,"column":36}}],"line":130},"59":{"loc":{"start":{"line":135,"column":7},"end":{"line":139,"column":12}},"type":"cond-expr","locations":[{"start":{"line":136,"column":8},"end":{"line":138,"column":42}},{"start":{"line":139,"column":10},"end":{"line":139,"column":12}}],"line":135},"60":{"loc":{"start":{"line":135,"column":7},"end":{"line":135,"column":85}},"type":"binary-expr","locations":[{"start":{"line":135,"column":7},"end":{"line":135,"column":22}},{"start":{"line":135,"column":26},"end":{"line":135,"column":50}},{"start":{"line":135,"column":54},"end":{"line":135,"column":85}}],"line":135},"61":{"loc":{"start":{"line":136,"column":23},"end":{"line":138,"column":38}},"type":"cond-expr","locations":[{"start":{"line":137,"column":14},"end":{"line":137,"column":47}},{"start":{"line":138,"column":14},"end":{"line":138,"column":38}}],"line":136},"62":{"loc":{"start":{"line":141,"column":7},"end":{"line":145,"column":12}},"type":"cond-expr","locations":[{"start":{"line":142,"column":8},"end":{"line":144,"column":43}},{"start":{"line":145,"column":10},"end":{"line":145,"column":12}}],"line":141},"63":{"loc":{"start":{"line":141,"column":7},"end":{"line":141,"column":87}},"type":"binary-expr","locations":[{"start":{"line":141,"column":7},"end":{"line":141,"column":22}},{"start":{"line":141,"column":26},"end":{"line":141,"column":51}},{"start":{"line":141,"column":55},"end":{"line":141,"column":87}}],"line":141},"64":{"loc":{"start":{"line":142,"column":24},"end":{"line":144,"column":39}},"type":"cond-expr","locations":[{"start":{"line":143,"column":14},"end":{"line":143,"column":48}},{"start":{"line":144,"column":14},"end":{"line":144,"column":39}}],"line":142},"65":{"loc":{"start":{"line":147,"column":7},"end":{"line":151,"column":12}},"type":"cond-expr","locations":[{"start":{"line":148,"column":8},"end":{"line":150,"column":42}},{"start":{"line":151,"column":10},"end":{"line":151,"column":12}}],"line":147},"66":{"loc":{"start":{"line":147,"column":7},"end":{"line":147,"column":85}},"type":"binary-expr","locations":[{"start":{"line":147,"column":7},"end":{"line":147,"column":22}},{"start":{"line":147,"column":26},"end":{"line":147,"column":50}},{"start":{"line":147,"column":54},"end":{"line":147,"column":85}}],"line":147},"67":{"loc":{"start":{"line":148,"column":23},"end":{"line":150,"column":38}},"type":"cond-expr","locations":[{"start":{"line":149,"column":14},"end":{"line":149,"column":47}},{"start":{"line":150,"column":14},"end":{"line":150,"column":38}}],"line":148},"68":{"loc":{"start":{"line":153,"column":7},"end":{"line":157,"column":12}},"type":"cond-expr","locations":[{"start":{"line":154,"column":8},"end":{"line":156,"column":43}},{"start":{"line":157,"column":10},"end":{"line":157,"column":12}}],"line":153},"69":{"loc":{"start":{"line":153,"column":7},"end":{"line":153,"column":87}},"type":"binary-expr","locations":[{"start":{"line":153,"column":7},"end":{"line":153,"column":22}},{"start":{"line":153,"column":26},"end":{"line":153,"column":51}},{"start":{"line":153,"column":55},"end":{"line":153,"column":87}}],"line":153},"70":{"loc":{"start":{"line":154,"column":24},"end":{"line":156,"column":39}},"type":"cond-expr","locations":[{"start":{"line":155,"column":14},"end":{"line":155,"column":48}},{"start":{"line":156,"column":14},"end":{"line":156,"column":39}}],"line":154},"71":{"loc":{"start":{"line":163,"column":7},"end":{"line":165,"column":12}},"type":"cond-expr","locations":[{"start":{"line":164,"column":8},"end":{"line":164,"column":50}},{"start":{"line":165,"column":10},"end":{"line":165,"column":12}}],"line":163},"72":{"loc":{"start":{"line":167,"column":7},"end":{"line":169,"column":12}},"type":"cond-expr","locations":[{"start":{"line":168,"column":8},"end":{"line":168,"column":83}},{"start":{"line":169,"column":10},"end":{"line":169,"column":12}}],"line":167},"73":{"loc":{"start":{"line":171,"column":7},"end":{"line":173,"column":12}},"type":"cond-expr","locations":[{"start":{"line":172,"column":8},"end":{"line":172,"column":50}},{"start":{"line":173,"column":10},"end":{"line":173,"column":12}}],"line":171},"74":{"loc":{"start":{"line":171,"column":7},"end":{"line":171,"column":60}},"type":"binary-expr","locations":[{"start":{"line":171,"column":7},"end":{"line":171,"column":28}},{"start":{"line":171,"column":32},"end":{"line":171,"column":60}}],"line":171},"75":{"loc":{"start":{"line":175,"column":7},"end":{"line":177,"column":12}},"type":"cond-expr","locations":[{"start":{"line":176,"column":8},"end":{"line":176,"column":55}},{"start":{"line":177,"column":10},"end":{"line":177,"column":12}}],"line":175},"76":{"loc":{"start":{"line":175,"column":7},"end":{"line":175,"column":58}},"type":"binary-expr","locations":[{"start":{"line":175,"column":7},"end":{"line":175,"column":29}},{"start":{"line":175,"column":33},"end":{"line":175,"column":58}}],"line":175},"77":{"loc":{"start":{"line":179,"column":7},"end":{"line":181,"column":12}},"type":"cond-expr","locations":[{"start":{"line":180,"column":8},"end":{"line":180,"column":64}},{"start":{"line":181,"column":10},"end":{"line":181,"column":12}}],"line":179},"78":{"loc":{"start":{"line":179,"column":7},"end":{"line":179,"column":77}},"type":"binary-expr","locations":[{"start":{"line":179,"column":7},"end":{"line":179,"column":36}},{"start":{"line":179,"column":40},"end":{"line":179,"column":77}}],"line":179},"79":{"loc":{"start":{"line":183,"column":7},"end":{"line":185,"column":12}},"type":"cond-expr","locations":[{"start":{"line":184,"column":8},"end":{"line":184,"column":58}},{"start":{"line":185,"column":10},"end":{"line":185,"column":12}}],"line":183},"80":{"loc":{"start":{"line":187,"column":7},"end":{"line":189,"column":12}},"type":"cond-expr","locations":[{"start":{"line":188,"column":8},"end":{"line":188,"column":50}},{"start":{"line":189,"column":10},"end":{"line":189,"column":12}}],"line":187},"81":{"loc":{"start":{"line":187,"column":7},"end":{"line":187,"column":47}},"type":"binary-expr","locations":[{"start":{"line":187,"column":7},"end":{"line":187,"column":22}},{"start":{"line":187,"column":26},"end":{"line":187,"column":47}}],"line":187},"82":{"loc":{"start":{"line":191,"column":7},"end":{"line":193,"column":12}},"type":"cond-expr","locations":[{"start":{"line":192,"column":8},"end":{"line":192,"column":60}},{"start":{"line":193,"column":10},"end":{"line":193,"column":12}}],"line":191},"83":{"loc":{"start":{"line":191,"column":7},"end":{"line":191,"column":89}},"type":"binary-expr","locations":[{"start":{"line":191,"column":7},"end":{"line":191,"column":22}},{"start":{"line":191,"column":26},"end":{"line":191,"column":52}},{"start":{"line":191,"column":56},"end":{"line":191,"column":89}}],"line":191},"84":{"loc":{"start":{"line":195,"column":7},"end":{"line":197,"column":12}},"type":"cond-expr","locations":[{"start":{"line":196,"column":8},"end":{"line":196,"column":58}},{"start":{"line":197,"column":10},"end":{"line":197,"column":12}}],"line":195},"85":{"loc":{"start":{"line":195,"column":7},"end":{"line":195,"column":87}},"type":"binary-expr","locations":[{"start":{"line":195,"column":7},"end":{"line":195,"column":22}},{"start":{"line":195,"column":26},"end":{"line":195,"column":51}},{"start":{"line":195,"column":55},"end":{"line":195,"column":87}}],"line":195},"86":{"loc":{"start":{"line":205,"column":7},"end":{"line":209,"column":12}},"type":"cond-expr","locations":[{"start":{"line":206,"column":8},"end":{"line":208,"column":44}},{"start":{"line":209,"column":10},"end":{"line":209,"column":12}}],"line":205},"87":{"loc":{"start":{"line":205,"column":7},"end":{"line":205,"column":59}},"type":"binary-expr","locations":[{"start":{"line":205,"column":7},"end":{"line":205,"column":27}},{"start":{"line":205,"column":31},"end":{"line":205,"column":59}}],"line":205},"88":{"loc":{"start":{"line":206,"column":30},"end":{"line":208,"column":42}},"type":"cond-expr","locations":[{"start":{"line":207,"column":14},"end":{"line":207,"column":44}},{"start":{"line":208,"column":14},"end":{"line":208,"column":42}}],"line":206},"89":{"loc":{"start":{"line":211,"column":7},"end":{"line":215,"column":12}},"type":"cond-expr","locations":[{"start":{"line":212,"column":8},"end":{"line":214,"column":46}},{"start":{"line":215,"column":10},"end":{"line":215,"column":12}}],"line":211},"90":{"loc":{"start":{"line":211,"column":7},"end":{"line":211,"column":63}},"type":"binary-expr","locations":[{"start":{"line":211,"column":7},"end":{"line":211,"column":29}},{"start":{"line":211,"column":33},"end":{"line":211,"column":63}}],"line":211},"91":{"loc":{"start":{"line":212,"column":32},"end":{"line":214,"column":44}},"type":"cond-expr","locations":[{"start":{"line":213,"column":14},"end":{"line":213,"column":46}},{"start":{"line":214,"column":14},"end":{"line":214,"column":44}}],"line":212},"92":{"loc":{"start":{"line":217,"column":7},"end":{"line":221,"column":12}},"type":"cond-expr","locations":[{"start":{"line":218,"column":8},"end":{"line":220,"column":47}},{"start":{"line":221,"column":10},"end":{"line":221,"column":12}}],"line":217},"93":{"loc":{"start":{"line":217,"column":7},"end":{"line":217,"column":65}},"type":"binary-expr","locations":[{"start":{"line":217,"column":7},"end":{"line":217,"column":30}},{"start":{"line":217,"column":34},"end":{"line":217,"column":65}}],"line":217},"94":{"loc":{"start":{"line":218,"column":33},"end":{"line":220,"column":45}},"type":"cond-expr","locations":[{"start":{"line":219,"column":14},"end":{"line":219,"column":47}},{"start":{"line":220,"column":14},"end":{"line":220,"column":45}}],"line":218},"95":{"loc":{"start":{"line":223,"column":7},"end":{"line":227,"column":12}},"type":"cond-expr","locations":[{"start":{"line":224,"column":8},"end":{"line":226,"column":45}},{"start":{"line":227,"column":10},"end":{"line":227,"column":12}}],"line":223},"96":{"loc":{"start":{"line":223,"column":7},"end":{"line":223,"column":61}},"type":"binary-expr","locations":[{"start":{"line":223,"column":7},"end":{"line":223,"column":28}},{"start":{"line":223,"column":32},"end":{"line":223,"column":61}}],"line":223},"97":{"loc":{"start":{"line":224,"column":31},"end":{"line":226,"column":43}},"type":"cond-expr","locations":[{"start":{"line":225,"column":14},"end":{"line":225,"column":45}},{"start":{"line":226,"column":14},"end":{"line":226,"column":43}}],"line":224},"98":{"loc":{"start":{"line":229,"column":8},"end":{"line":255,"column":11}},"type":"cond-expr","locations":[{"start":{"line":229,"column":28},"end":{"line":255,"column":6}},{"start":{"line":255,"column":9},"end":{"line":255,"column":11}}],"line":229},"99":{"loc":{"start":{"line":231,"column":11},"end":{"line":235,"column":12}},"type":"cond-expr","locations":[{"start":{"line":232,"column":8},"end":{"line":234,"column":49}},{"start":{"line":235,"column":10},"end":{"line":235,"column":12}}],"line":231},"100":{"loc":{"start":{"line":231,"column":11},"end":{"line":231,"column":73}},"type":"binary-expr","locations":[{"start":{"line":231,"column":11},"end":{"line":231,"column":36}},{"start":{"line":231,"column":40},"end":{"line":231,"column":73}}],"line":231},"101":{"loc":{"start":{"line":232,"column":36},"end":{"line":234,"column":47}},"type":"cond-expr","locations":[{"start":{"line":233,"column":14},"end":{"line":233,"column":49}},{"start":{"line":234,"column":14},"end":{"line":234,"column":47}}],"line":232},"102":{"loc":{"start":{"line":237,"column":11},"end":{"line":241,"column":12}},"type":"cond-expr","locations":[{"start":{"line":238,"column":8},"end":{"line":240,"column":50}},{"start":{"line":241,"column":10},"end":{"line":241,"column":12}}],"line":237},"103":{"loc":{"start":{"line":237,"column":11},"end":{"line":237,"column":75}},"type":"binary-expr","locations":[{"start":{"line":237,"column":11},"end":{"line":237,"column":37}},{"start":{"line":237,"column":41},"end":{"line":237,"column":75}}],"line":237},"104":{"loc":{"start":{"line":238,"column":37},"end":{"line":240,"column":48}},"type":"cond-expr","locations":[{"start":{"line":239,"column":14},"end":{"line":239,"column":50}},{"start":{"line":240,"column":14},"end":{"line":240,"column":48}}],"line":238},"105":{"loc":{"start":{"line":243,"column":11},"end":{"line":247,"column":12}},"type":"cond-expr","locations":[{"start":{"line":244,"column":8},"end":{"line":246,"column":53}},{"start":{"line":247,"column":10},"end":{"line":247,"column":12}}],"line":243},"106":{"loc":{"start":{"line":243,"column":11},"end":{"line":243,"column":81}},"type":"binary-expr","locations":[{"start":{"line":243,"column":11},"end":{"line":243,"column":40}},{"start":{"line":243,"column":44},"end":{"line":243,"column":81}}],"line":243},"107":{"loc":{"start":{"line":244,"column":40},"end":{"line":246,"column":51}},"type":"cond-expr","locations":[{"start":{"line":245,"column":14},"end":{"line":245,"column":53}},{"start":{"line":246,"column":14},"end":{"line":246,"column":51}}],"line":244},"108":{"loc":{"start":{"line":249,"column":11},"end":{"line":253,"column":12}},"type":"cond-expr","locations":[{"start":{"line":250,"column":8},"end":{"line":252,"column":52}},{"start":{"line":253,"column":10},"end":{"line":253,"column":12}}],"line":249},"109":{"loc":{"start":{"line":249,"column":11},"end":{"line":249,"column":79}},"type":"binary-expr","locations":[{"start":{"line":249,"column":11},"end":{"line":249,"column":39}},{"start":{"line":249,"column":43},"end":{"line":249,"column":79}}],"line":249},"110":{"loc":{"start":{"line":250,"column":39},"end":{"line":252,"column":50}},"type":"cond-expr","locations":[{"start":{"line":251,"column":14},"end":{"line":251,"column":52}},{"start":{"line":252,"column":14},"end":{"line":252,"column":50}}],"line":250},"111":{"loc":{"start":{"line":260,"column":4},"end":{"line":264,"column":5}},"type":"if","locations":[{"start":{"line":260,"column":4},"end":{"line":264,"column":5}},{"start":{"line":260,"column":4},"end":{"line":264,"column":5}}],"line":260},"112":{"loc":{"start":{"line":270,"column":10},"end":{"line":274,"column":12}},"type":"cond-expr","locations":[{"start":{"line":271,"column":8},"end":{"line":273,"column":38}},{"start":{"line":274,"column":10},"end":{"line":274,"column":12}}],"line":270},"113":{"loc":{"start":{"line":270,"column":10},"end":{"line":270,"column":61}},"type":"binary-expr","locations":[{"start":{"line":270,"column":10},"end":{"line":270,"column":30}},{"start":{"line":270,"column":34},"end":{"line":270,"column":61}}],"line":270},"114":{"loc":{"start":{"line":271,"column":25},"end":{"line":273,"column":34}},"type":"cond-expr","locations":[{"start":{"line":272,"column":14},"end":{"line":272,"column":43}},{"start":{"line":273,"column":14},"end":{"line":273,"column":34}}],"line":271},"115":{"loc":{"start":{"line":288,"column":4},"end":{"line":288,"column":40}},"type":"if","locations":[{"start":{"line":288,"column":4},"end":{"line":288,"column":40}},{"start":{"line":288,"column":4},"end":{"line":288,"column":40}}],"line":288},"116":{"loc":{"start":{"line":289,"column":20},"end":{"line":289,"column":41}},"type":"binary-expr","locations":[{"start":{"line":289,"column":20},"end":{"line":289,"column":35}},{"start":{"line":289,"column":39},"end":{"line":289,"column":41}}],"line":289},"117":{"loc":{"start":{"line":298,"column":4},"end":{"line":298,"column":29}},"type":"if","locations":[{"start":{"line":298,"column":4},"end":{"line":298,"column":29}},{"start":{"line":298,"column":4},"end":{"line":298,"column":29}}],"line":298},"118":{"loc":{"start":{"line":299,"column":20},"end":{"line":299,"column":41}},"type":"binary-expr","locations":[{"start":{"line":299,"column":20},"end":{"line":299,"column":35}},{"start":{"line":299,"column":39},"end":{"line":299,"column":41}}],"line":299},"119":{"loc":{"start":{"line":308,"column":4},"end":{"line":308,"column":40}},"type":"if","locations":[{"start":{"line":308,"column":4},"end":{"line":308,"column":40}},{"start":{"line":308,"column":4},"end":{"line":308,"column":40}}],"line":308},"120":{"loc":{"start":{"line":310,"column":20},"end":{"line":310,"column":41}},"type":"binary-expr","locations":[{"start":{"line":310,"column":20},"end":{"line":310,"column":35}},{"start":{"line":310,"column":39},"end":{"line":310,"column":41}}],"line":310},"121":{"loc":{"start":{"line":313,"column":4},"end":{"line":327,"column":5}},"type":"if","locations":[{"start":{"line":313,"column":4},"end":{"line":327,"column":5}},{"start":{"line":313,"column":4},"end":{"line":327,"column":5}}],"line":313},"122":{"loc":{"start":{"line":313,"column":8},"end":{"line":313,"column":74}},"type":"binary-expr","locations":[{"start":{"line":313,"column":8},"end":{"line":313,"column":27}},{"start":{"line":313,"column":31},"end":{"line":313,"column":51}},{"start":{"line":313,"column":55},"end":{"line":313,"column":74}}],"line":313},"123":{"loc":{"start":{"line":331,"column":4},"end":{"line":331,"column":29}},"type":"if","locations":[{"start":{"line":331,"column":4},"end":{"line":331,"column":29}},{"start":{"line":331,"column":4},"end":{"line":331,"column":29}}],"line":331},"124":{"loc":{"start":{"line":333,"column":20},"end":{"line":333,"column":41}},"type":"binary-expr","locations":[{"start":{"line":333,"column":20},"end":{"line":333,"column":35}},{"start":{"line":333,"column":39},"end":{"line":333,"column":41}}],"line":333},"125":{"loc":{"start":{"line":336,"column":4},"end":{"line":350,"column":5}},"type":"if","locations":[{"start":{"line":336,"column":4},"end":{"line":350,"column":5}},{"start":{"line":336,"column":4},"end":{"line":350,"column":5}}],"line":336},"126":{"loc":{"start":{"line":336,"column":8},"end":{"line":336,"column":74}},"type":"binary-expr","locations":[{"start":{"line":336,"column":8},"end":{"line":336,"column":27}},{"start":{"line":336,"column":31},"end":{"line":336,"column":51}},{"start":{"line":336,"column":55},"end":{"line":336,"column":74}}],"line":336}},"s":{"0":5,"1":14,"2":0,"3":14,"4":5,"5":2,"6":0,"7":2,"8":5,"9":3,"10":0,"11":3,"12":5,"13":26,"14":5,"15":4,"16":5,"17":26,"18":1,"19":25,"20":5,"21":6,"22":6,"23":5,"24":7,"25":5,"26":5,"27":2,"28":1,"29":1,"30":1,"31":5,"32":2,"33":1,"34":1,"35":1,"36":5,"37":5,"38":1,"39":4,"40":4,"41":4,"42":3,"43":3,"44":1,"45":5,"46":5,"47":1,"48":4,"49":4,"50":4,"51":3,"52":3,"53":1},"f":{"0":14,"1":2,"2":3,"3":26,"4":4,"5":26,"6":6,"7":7,"8":5,"9":2,"10":2,"11":5,"12":5},"b":{"0":[0,14],"1":[0,0],"2":[0,0,0],"3":[0,0],"4":[0,0,0],"5":[0,0],"6":[0,0,0],"7":[0,0],"8":[0,0,0],"9":[1,13],"10":[14,14,14],"11":[1,13],"12":[14,14,14],"13":[1,13],"14":[14,14,14],"15":[1,13],"16":[14,14,14],"17":[0,2],"18":[0,0],"19":[0,0,0],"20":[0,0],"21":[0,0,0],"22":[0,0],"23":[0,0,0],"24":[0,0],"25":[0,0,0],"26":[1,1],"27":[2,2,2],"28":[1,1],"29":[2,2,2],"30":[1,1],"31":[2,2,2],"32":[1,1],"33":[2,2,2],"34":[0,3],"35":[0,0],"36":[0,0,0],"37":[0,0],"38":[0,0],"39":[0,0,0],"40":[0,0],"41":[0,0],"42":[0,0,0],"43":[0,0],"44":[0,0],"45":[0,0,0],"46":[0,0],"47":[0,0],"48":[0,0,0],"49":[0,0],"50":[0,0],"51":[0,0,0],"52":[0,0],"53":[2,1],"54":[3,3,2],"55":[1,1],"56":[2,1],"57":[3,3,2],"58":[1,1],"59":[2,1],"60":[3,3,2],"61":[1,1],"62":[2,1],"63":[3,3,2],"64":[1,1],"65":[2,1],"66":[3,3,2],"67":[1,1],"68":[2,1],"69":[3,3,2],"70":[1,1],"71":[1,25],"72":[1,25],"73":[1,25],"74":[26,1],"75":[1,25],"76":[26,1],"77":[0,26],"78":[26,2
[...]
,"/Users/paque/Desktop/works/web-components-common/src/utils/gettersCommonElement.js": {"path":"/Users/paque/Desktop/works/web-components-common/src/utils/gettersCommonElement.js","statementMap":{"0":{"start":{"line":6,"column":18},"end":{"line":22,"column":1}},"1":{"start":{"line":7,"column":30},"end":{"line":7,"column":80}},"2":{"start":{"line":9,"column":4},"end":{"line":21,"column":7}},"3":{"start":{"line":10,"column":21},"end":{"line":10,"column":109}},"4":{"start":{"line":11,"column":8},"end":{"line":20,"column":9}},"5":{"start":{"line":12,"column":12},"end":{"line":12,"column":23}},"6":{"start":{"line":14,"column":12},"end":{"line":19,"column":41}},"7":{"start":{"line":24,"column":28},"end":{"line":55,"column":1}},"8":{"start":{"line":25,"column":22},"end":{"line":25,"column":47}},"9":{"start":{"line":26,"column":32},"end":{"line":26,"column":68}},"10":{"start":{"line":28,"column":4},"end":{"line":32,"column":5}},"11":{"start":{"line":29,"column":8},"end":{"line":31,"column":9}},"12":{"start":{"line":30,"column":12},"end":{"line":30,"column":47}},"13":{"start":{"line":34,"column":4},"end":{"line":54,"column":5}},"14":{"start":{"line":35,"column":8},"end":{"line":41,"column":9}},"15":{"start":{"line":43,"column":9},"end":{"line":54,"column":5}},"16":{"start":{"line":44,"column":8},"end":{"line":50,"column":9}},"17":{"start":{"line":53,"column":8},"end":{"line":53,"column":43}}},"fnMap":{"0":{"name":"(anonymous_0)","decl":{"start":{"line":6,"column":18},"end":{"line":6,"column":19}},"loc":{"start":{"line":6,"column":39},"end":{"line":22,"column":1}},"line":6},"1":{"name":"(anonymous_1)","decl":{"start":{"line":9,"column":36},"end":{"line":9,"column":37}},"loc":{"start":{"line":9,"column":50},"end":{"line":21,"column":5}},"line":9},"2":{"name":"(anonymous_2)","decl":{"start":{"line":24,"column":28},"end":{"line":24,"column":29}},"loc":{"start":{"line":24,"column":42},"end":{"line":55,"column":1}},"line":24}},"branchMap":{"0":{"loc":{"start":{"line":10,"column":21},"end":{"line":10,"column":109}},"type":"cond-expr","locations":[{"start":{"line":10,"column":63},"end":{"line":10,"column":102}},{"start":{"line":10,"column":105},"end":{"line":10,"column":109}}],"line":10},"1":{"loc":{"start":{"line":11,"column":8},"end":{"line":20,"column":9}},"type":"if","locations":[{"start":{"line":11,"column":8},"end":{"line":20,"column":9}},{"start":{"line":11,"column":8},"end":{"line":20,"column":9}}],"line":11},"2":{"loc":{"start":{"line":18,"column":42},"end":{"line":18,"column":98}},"type":"cond-expr","locations":[{"start":{"line":18,"column":72},"end":{"line":18,"column":76}},{"start":{"line":18,"column":79},"end":{"line":18,"column":98}}],"line":18},"3":{"loc":{"start":{"line":28,"column":4},"end":{"line":32,"column":5}},"type":"if","locations":[{"start":{"line":28,"column":4},"end":{"line":32,"column":5}},{"start":{"line":28,"column":4},"end":{"line":32,"column":5}}],"line":28},"4":{"loc":{"start":{"line":28,"column":8},"end":{"line":28,"column":72}},"type":"binary-expr","locations":[{"start":{"line":28,"column":8},"end":{"line":28,"column":37}},{"start":{"line":28,"column":41},"end":{"line":28,"column":72}}],"line":28},"5":{"loc":{"start":{"line":29,"column":8},"end":{"line":31,"column":9}},"type":"if","locations":[{"start":{"line":29,"column":8},"end":{"line":31,"column":9}},{"start":{"line":29,"column":8},"end":{"line":31,"column":9}}],"line":29},"6":{"loc":{"start":{"line":34,"column":4},"end":{"line":54,"column":5}},"type":"if","locations":[{"start":{"line":34,"column":4},"end":{"line":54,"column":5}},{"start":{"line":34,"column":4},"end":{"line":54,"column":5}}],"line":34},"7":{"loc":{"start":{"line":43,"column":9},"end":{"line":54,"column":5}},"type":"if","locations":[{"start":{"line":43,"column":9},"end":{"line":54,"column":5}},{"start":{"line":43,"column":9},"end":{"line":54,"column":5}}],"line":43},"8":{"loc":{"start":{"line":43,"column":13},"end":{"line":43,"column":56}},"type":"binary-expr","locations":[{"start":{"line":43,"column":13},"end":{"line":43,"column":33}},{"start":{"line":43,"column":37},"end":{"line":43,"column":56}}],"line":43}},"s":{"0":1,"1":4,"2":4,"3":4,"4":4,"5":1,"6":3,"7":1,"8":11,"9":11,"10":11,"11":11,"12":1,"13":10,"14":4,"15":6,"16":5,"17":1},"f":{"0":4,"1":4,"2":11},"b":{"0":[3,1],"1":[1,3],"2":[0,3],"3":[11,0],"4":[11,11],"5":[1,10],"6":[4,6],"7":[5,1],"8":[6,2]},"_coverageSchema":"1a1c01bbd47fc00a2c39e90264f33305004495a9","hash":"90ab6701ef927ee038753b9ad27f049fb1a6a193"}
,"/Users/paque/Desktop/works/web-components-common/src/utils/gettersProperties.js": {"path":"/Users/paque/Desktop/works/web-components-common/src/utils/gettersProperties.js","statementMap":{"0":{"start":{"line":3,"column":25},"end":{"line":9,"column":1}},"1":{"start":{"line":4,"column":4},"end":{"line":8,"column":5}},"2":{"start":{"line":11,"column":34},"end":{"line":19,"column":1}},"3":{"start":{"line":12,"column":4},"end":{"line":18,"column":5}},"4":{"start":{"line":22,"column":21},"end":{"line":30,"column":1}},"5":{"start":{"line":23,"column":4},"end":{"line":29,"column":5}},"6":{"start":{"line":32,"column":24},"end":{"line":38,"column":1}},"7":{"start":{"line":33,"column":4},"end":{"line":37,"column":5}},"8":{"start":{"line":40,"column":20},"end":{"line":48,"column":1}},"9":{"start":{"line":41,"column":4},"end":{"line":47,"column":5}},"10":{"start":{"line":50,"column":22},"end":{"line":56,"column":1}},"11":{"start":{"line":51,"column":4},"end":{"line":55,"column":5}}},"fnMap":{"0":{"name":"(anonymous_0)","decl":{"start":{"line":3,"column":25},"end":{"line":3,"column":26}},"loc":{"start":{"line":3,"column":36},"end":{"line":9,"column":1}},"line":3},"1":{"name":"(anonymous_1)","decl":{"start":{"line":11,"column":34},"end":{"line":11,"column":35}},"loc":{"start":{"line":11,"column":45},"end":{"line":19,"column":1}},"line":11},"2":{"name":"(anonymous_2)","decl":{"start":{"line":22,"column":21},"end":{"line":22,"column":22}},"loc":{"start":{"line":22,"column":32},"end":{"line":30,"column":1}},"line":22},"3":{"name":"(anonymous_3)","decl":{"start":{"line":32,"column":24},"end":{"line":32,"column":25}},"loc":{"start":{"line":32,"column":35},"end":{"line":38,"column":1}},"line":32},"4":{"name":"(anonymous_4)","decl":{"start":{"line":40,"column":20},"end":{"line":40,"column":21}},"loc":{"start":{"line":40,"column":31},"end":{"line":48,"column":1}},"line":40},"5":{"name":"(anonymous_5)","decl":{"start":{"line":50,"column":22},"end":{"line":50,"column":23}},"loc":{"start":{"line":50,"column":33},"end":{"line":56,"column":1}},"line":50}},"branchMap":{"0":{"loc":{"start":{"line":5,"column":20},"end":{"line":5,"column":57}},"type":"cond-expr","locations":[{"start":{"line":5,"column":28},"end":{"line":5,"column":52}},{"start":{"line":5,"column":55},"end":{"line":5,"column":57}}],"line":5},"1":{"loc":{"start":{"line":6,"column":15},"end":{"line":6,"column":68}},"type":"cond-expr","locations":[{"start":{"line":6,"column":41},"end":{"line":6,"column":61}},{"start":{"line":6,"column":64},"end":{"line":6,"column":68}}],"line":6},"2":{"loc":{"start":{"line":6,"column":15},"end":{"line":6,"column":38}},"type":"binary-expr","locations":[{"start":{"line":6,"column":15},"end":{"line":6,"column":20}},{"start":{"line":6,"column":24},"end":{"line":6,"column":38}}],"line":6},"3":{"loc":{"start":{"line":7,"column":16},"end":{"line":7,"column":95}},"type":"cond-expr","locations":[{"start":{"line":7,"column":67},"end":{"line":7,"column":88}},{"start":{"line":7,"column":91},"end":{"line":7,"column":95}}],"line":7},"4":{"loc":{"start":{"line":7,"column":16},"end":{"line":7,"column":64}},"type":"binary-expr","locations":[{"start":{"line":7,"column":16},"end":{"line":7,"column":21}},{"start":{"line":7,"column":25},"end":{"line":7,"column":39}},{"start":{"line":7,"column":43},"end":{"line":7,"column":64}}],"line":7},"5":{"loc":{"start":{"line":13,"column":20},"end":{"line":13,"column":57}},"type":"cond-expr","locations":[{"start":{"line":13,"column":28},"end":{"line":13,"column":52}},{"start":{"line":13,"column":55},"end":{"line":13,"column":57}}],"line":13},"6":{"loc":{"start":{"line":15,"column":15},"end":{"line":15,"column":52}},"type":"binary-expr","locations":[{"start":{"line":15,"column":15},"end":{"line":15,"column":44}},{"start":{"line":15,"column":48},"end":{"line":15,"column":52}}],"line":15},"7":{"loc":{"start":{"line":16,"column":15},"end":{"line":16,"column":68}},"type":"cond-expr","locations":[{"start":{"line":16,"column":41},"end":{"line":16,"column":61}},{"start":{"line":16,"column":64},"end":{"line":16,"column":68}}],"line":16},"8":{"loc":{"start":{"line":16,"column":15},"end":{"line":16,"column":38}},"type":"binary-expr","locations":[{"start":{"line":16,"column":15},"end":{"line":16,"column":20}},{"start":{"line":16,"column":24},"end":{"line":16,"column":38}}],"line":16},"9":{"loc":{"start":{"line":17,"column":16},"end":{"line":17,"column":95}},"type":"cond-expr","locations":[{"start":{"line":17,"column":67},"end":{"line":17,"column":88}},{"start":{"line":17,"column":91},"end":{"line":17,"column":95}}],"line":17},"10":{"loc":{"start":{"line":17,"column":16},"end":{"line":17,"column":64}},"type":"binary-expr","locations":[{"start":{"line":17,"column":16},"end":{"line":17,"column":21}},{"start":{"line":17,"column":25},"end":{"line":17,"column":39}},{"start":{"line":17,"column":43},"end":{"line":17,"column":64}}],"line":17},"11":{"loc":{"start":{"line":24,"column":20},"end":{"line":24,"column":57}},"type":"cond-expr","locations":[{"start":{"line":24,"column":28},"end":{"line":24,"column":52}},{"start":{"line":24,"column":55},"end":{"line":24,"column":57}}],"line":24},"12":{"loc":{"start":{"line":25,"column":20},"end":{"line":25,"column":107}},"type":"cond-expr","locations":[{"start":{"line":25,"column":75},"end":{"line":25,"column":100}},{"start":{"line":25,"column":103},"end":{"line":25,"column":107}}],"line":25},"13":{"loc":{"start":{"line":25,"column":20},"end":{"line":25,"column":72}},"type":"binary-expr","locations":[{"start":{"line":25,"column":20},"end":{"line":25,"column":25}},{"start":{"line":25,"column":29},"end":{"line":25,"column":43}},{"start":{"line":25,"column":47},"end":{"line":25,"column":72}}],"line":25},"14":{"loc":{"start":{"line":26,"column":15},"end":{"line":26,"column":93}},"type":"cond-expr","locations":[{"start":{"line":26,"column":66},"end":{"line":26,"column":86}},{"start":{"line":26,"column":89},"end":{"line":26,"column":93}}],"line":26},"15":{"loc":{"start":{"line":26,"column":15},"end":{"line":26,"column":62}},"type":"binary-expr","locations":[{"start":{"line":26,"column":15},"end":{"line":26,"column":20}},{"start":{"line":26,"column":24},"end":{"line":26,"column":38}},{"start":{"line":26,"column":42},"end":{"line":26,"column":62}}],"line":26},"16":{"loc":{"start":{"line":27,"column":16},"end":{"line":27,"column":96}},"type":"cond-expr","locations":[{"start":{"line":27,"column":67},"end":{"line":27,"column":88}},{"start":{"line":27,"column":92},"end":{"line":27,"column":96}}],"line":27},"17":{"loc":{"start":{"line":27,"column":16},"end":{"line":27,"column":64}},"type":"binary-expr","locations":[{"start":{"line":27,"column":16},"end":{"line":27,"column":21}},{"start":{"line":27,"column":25},"end":{"line":27,"column":39}},{"start":{"line":27,"column":43},"end":{"line":27,"column":64}}],"line":27},"18":{"loc":{"start":{"line":28,"column":12},"end":{"line":28,"column":89}},"type":"cond-expr","locations":[{"start":{"line":28,"column":61},"end":{"line":28,"column":83}},{"start":{"line":28,"column":86},"end":{"line":28,"column":89}}],"line":28},"19":{"loc":{"start":{"line":28,"column":12},"end":{"line":28,"column":58}},"type":"binary-expr","locations":[{"start":{"line":28,"column":12},"end":{"line":28,"column":17}},{"start":{"line":28,"column":22},"end":{"line":28,"column":36}},{"start":{"line":28,"column":40},"end":{"line":28,"column":58}}],"line":28},"20":{"loc":{"start":{"line":35,"column":21},"end":{"line":35,"column":73}},"type":"binary-expr","locations":[{"start":{"line":35,"column":21},"end":{"line":35,"column":26}},{"start":{"line":35,"column":30},"end":{"line":35,"column":44}},{"start":{"line":35,"column":48},"end":{"line":35,"column":73}}],"line":35},"21":{"loc":{"start":{"line":36,"column":16},"end":{"line":36,"column":63}},"type":"binary-expr","locations":[{"start":{"line":36,"column":16},"end":{"line":36,"column":21}},{"start":{"line":36,"column":25},"end":{"line":36,"column":39}},{"start":{"line":36,"column":43},"end":{"line":36,"column":63}}],"line":36}},"s":{"0":3,"1":7,"2":3,"3":0,"4":3,"5":0,"6":3,"7":4,"8":3,"9":0,"10":3,"11":0},"f":{"0":7,"1":0,"2":0,"3":4,"4":0,"5":0},"b":{"0":[7,0],"1":[7,0],"2":[7,7],"3":[0,7],"4":[7,7,7],"5":[0,0],"6":[0,0],"7":[0,0],"8":[0,0],"9":[0,0],"10":[0,0,0],"11":[0,0],"12":[0,0],"13":[0,0,0],"14":[0,0],"15":[0,0,0],"16":[0,0],"17":[0,0,0],"18":[0,0],"19":[0,0,0],"20":[4,4,4],"21":[4,4,4]},"_coverageSchema":"1a1c01bbd47fc00a2c39e90264f33305004495a9","hash":"cab3268867e6ce31410d3969f7e987e2202c233d"}
,"/Users/paque/Desktop/works/web-components-common/stories/mock/Content.js": {"path":"/Users/paque/Desktop/works/web-components-common/stories/mock/Content.js","statementMap":{"0":{"start":{"line":3,"column":27},"end":{"line":16,"column":1}}},"fnMap":{},"branchMap":{},"s":{"0":1},"f":{},"b":{},"_coverageSchema":"1a1c01bbd47fc00a2c39e90264f33305004495a9","hash":"3703c2de961dff136a530cbc294e5a60b452c659"}
,"/Users/paque/Desktop/works/web-components-common/stories/mock/Image.js": {"path":"/Users/paque/Desktop/works/web-components-common/stories/mock/Image.js","statementMap":{"0":{"start":{"line":1,"column":21},"end":{"line":50,"column":1}}},"fnMap":{},"branchMap":{},"s":{"0":1},"f":{},"b":{},"_coverageSchema":"1a1c01bbd47fc00a2c39e90264f33305004495a9","hash":"b4cb9ebd0b821d96b5108fbdf484eb811c3a1cf6"}
,"/Users/paque/Desktop/works/web-components-common/stories/mock/Images.js": {"path":"/Users/paque/Desktop/works/web-components-common/stories/mock/Images.js","statementMap":{"0":{"start":{"line":1,"column":22},"end":{"line":85,"column":1}}},"fnMap":{},"branchMap":{},"s":{"0":1},"f":{},"b":{},"_coverageSchema":"1a1c01bbd47fc00a2c39e90264f33305004495a9","hash":"00e80f5f5ac2896597be0d312d5122b8b5c85c0a"}
,"/Users/paque/Desktop/works/web-components-common/stories/mock/Template.js": {"path":"/Users/paque/Desktop/works/web-components-common/stories/mock/Template.js","statementMap":{"0":{"start":{"line":13,"column":24},"end":{"line":36,"column":1}}},"fnMap":{},"branchMap":{},"s":{"0":1},"f":{},"b":{},"_coverageSchema":"1a1c01bbd47fc00a2c39e90264f33305004495a9","hash":"683d49c45aac0e50594d53ea6a4b965110f834b4"}
,"/Users/paque/Desktop/works/web-components-common/stories/mock/Text.js": {"path":"/Users/paque/Desktop/works/web-components-common/stories/mock/Text.js","statementMap":{"0":{"start":{"line":3,"column":24},"end":{"line":20,"column":1}},"1":{"start":{"line":23,"column":25},"end":{"line":69,"column":1}}},"fnMap":{},"branchMap":{},"s":{"0":1,"1":1},"f":{},"b":{},"_coverageSchema":"1a1c01bbd47fc00a2c39e90264f33305004495a9","hash":"e9e479704ec9860a6b5e7249498348fb451e25d6"}
,"/Users/paque/Desktop/works/web-components-common/stories/mock/index.js": {"path":"/Users/paque/Desktop/works/web-components-common/stories/mock/index.js","statementMap":{},"fnMap":{},"branchMap":{},"s":{},"f":{},"b":{},"_coverageSchema":"1a1c01bbd47fc00a2c39e90264f33305004495a9","hash":"e28c73ce5114fa3988c7e4cbb64bfad166be49cb"}
,"/Users/paque/Desktop/works/web-components-common/stories/mock/models/atom.model.config.js": {"path":"/Users/paque/Desktop/works/web-components-common/stories/mock/models/atom.model.config.js","statementMap":{"0":{"start":{"line":1,"column":20},"end":{"line":8,"column":1}},"1":{"start":{"line":9,"column":30},"end":{"line":16,"column":1}},"2":{"start":{"line":18,"column":23},"end":{"line":23,"column":1}},"3":{"start":{"line":25,"column":30},"end":{"line":30,"column":1}},"4":{"start":{"line":32,"column":22},"end":{"line":32,"column":29}},"5":{"start":{"line":34,"column":27},"end":{"line":39,"column":1}},"6":{"start":{"line":41,"column":28},"end":{"line":46,"column":1}},"7":{"start":{"line":48,"column":28},"end":{"line":53,"column":1}},"8":{"start":{"line":55,"column":29},"end":{"line":60,"column":1}},"9":{"start":{"line":63,"column":31},"end":{"line":72,"column":1}},"10":{"start":{"line":73,"column":31},"end":{"line":82,"column":1}},"11":{"start":{"line":84,"column":31},"end":{"line":93,"column":1}},"12":{"start":{"line":96,"column":22},"end":{"line":96,"column":37}},"13":{"start":{"line":98,"column":31},"end":{"line":98,"column":53}},"14":{"start":{"line":99,"column":30},"end":{"line":99,"column":56}},"15":{"start":{"line":101,"column":23},"end":{"line":101,"column":35}},"16":{"start":{"line":102,"column":25},"end":{"line":102,"column":39}},"17":{"start":{"line":104,"column":26},"end":{"line":108,"column":1}},"18":{"start":{"line":111,"column":34},"end":{"line":113,"column":1}},"19":{"start":{"line":117,"column":21},"end":{"line":122,"column":1}},"20":{"start":{"line":124,"column":21},"end":{"line":129,"column":1}},"21":{"start":{"line":131,"column":22},"end":{"line":136,"column":1}},"22":{"start":{"line":138,"column":22},"end":{"line":143,"column":1}},"23":{"start":{"line":145,"column":27},"end":{"line":150,"column":1}},"24":{"start":{"line":152,"column":32},"end":{"line":158,"column":1}},"25":{"start":{"line":163,"column":25},"end":{"line":172,"column":1}},"26":{"start":{"line":173,"column":22},"end":{"line":182,"column":1}},"27":{"start":{"line":184,"column":22},"end":{"line":193,"column":1}},"28":{"start":{"line":195,"column":24},"end":{"line":201,"column":1}},"29":{"start":{"line":203,"column":25},"end":{"line":207,"column":1}},"30":{"start":{"line":208,"column":31},"end":{"line":212,"column":1}}},"fnMap":{},"branchMap":{},"s":{"0":1,"1":1,"2":1,"3":1,"4":1,"5":1,"6":1,"7":1,"8":1,"9":1,"10":1,"11":1,"12":1,"13":1,"14":1,"15":1,"16":1,"17":1,"18":1,"19":1,"20":1,"21":1,"22":1,"23":1,"24":1,"25":1,"26":1,"27":1,"28":1,"29":1,"30":1},"f":{},"b":{},"_coverageSchema":"1a1c01bbd47fc00a2c39e90264f33305004495a9","hash":"6b3fa51a858053647b0bf68a644e3a3b03f624ac"}
,"/Users/paque/Desktop/works/web-components-common/stories/mock/models/molecules.model.config.js": {"path":"/Users/paque/Desktop/works/web-components-common/stories/mock/models/molecules.model.config.js","statementMap":{"0":{"start":{"line":14,"column":25},"end":{"line":33,"column":1}},"1":{"start":{"line":35,"column":25},"end":{"line":66,"column":1}},"2":{"start":{"line":68,"column":23},"end":{"line":78,"column":1}},"3":{"start":{"line":80,"column":31},"end":{"line":90,"column":1}},"4":{"start":{"line":96,"column":38},"end":{"line":148,"column":1}},"5":{"start":{"line":150,"column":35},"end":{"line":202,"column":1}},"6":{"start":{"line":204,"column":35},"end":{"line":256,"column":1}},"7":{"start":{"line":258,"column":38},"end":{"line":316,"column":1}},"8":{"start":{"line":318,"column":23},"end":{"line":369,"column":1}}},"fnMap":{},"branchMap":{},"s":{"0":1,"1":1,"2":1,"3":1,"4":1,"5":1,"6":1,"7":1,"8":1},"f":{},"b":{},"_coverageSchema":"1a1c01bbd47fc00a2c39e90264f33305004495a9","hash":"9295cbae17d12ecf0eda749157c82f2252620b53"}
}
