{"/Users/paque/Desktop/works/web-components-common/src/styled/InputText/InputText.js": {"path":"/Users/paque/Desktop/works/web-components-common/src/styled/InputText/InputText.js","statementMap":{"0":{"start":{"line":12,"column":18},"end":{"line":43,"column":1}},"1":{"start":{"line":33,"column":8},"end":{"line":36,"column":5}},"2":{"start":{"line":39,"column":8},"end":{"line":42,"column":5}},"3":{"start":{"line":45,"column":0},"end":{"line":47,"column":2}},"4":{"start":{"line":49,"column":0},"end":{"line":51,"column":2}}},"fnMap":{"0":{"name":"(anonymous_0)","decl":{"start":{"line":32,"column":4},"end":{"line":32,"column":5}},"loc":{"start":{"line":33,"column":8},"end":{"line":36,"column":5}},"line":33},"1":{"name":"(anonymous_1)","decl":{"start":{"line":38,"column":4},"end":{"line":38,"column":5}},"loc":{"start":{"line":39,"column":8},"end":{"line":42,"column":5}},"line":39}},"branchMap":{"0":{"loc":{"start":{"line":33,"column":8},"end":{"line":36,"column":5}},"type":"binary-expr","locations":[{"start":{"line":33,"column":9},"end":{"line":33,"column":32}},{"start":{"line":33,"column":36},"end":{"line":33,"column":58}},{"start":{"line":34,"column":4},"end":{"line":36,"column":5}}],"line":33},"1":{"loc":{"start":{"line":39,"column":8},"end":{"line":42,"column":5}},"type":"binary-expr","locations":[{"start":{"line":39,"column":8},"end":{"line":39,"column":33}},{"start":{"line":40,"column":4},"end":{"line":42,"column":5}}],"line":39}},"s":{"0":2,"1":4,"2":4,"3":2,"4":2},"f":{"0":4,"1":4},"b":{"0":[4,3,2],"1":[4,1]},"_coverageSchema":"43e27e138ebf9cfc5966b082cf9a028302ed4184","hash":"42a943bd9534a10ca4b0b4eca35ac6fae1c27bd3"}
,"/Users/paque/Desktop/works/web-components-common/src/styled/InputText/InputWrapper.js": {"path":"/Users/paque/Desktop/works/web-components-common/src/styled/InputText/InputWrapper.js","statementMap":{"0":{"start":{"line":11,"column":21},"end":{"line":51,"column":1}}},"fnMap":{},"branchMap":{},"s":{"0":2},"f":{},"b":{},"_coverageSchema":"43e27e138ebf9cfc5966b082cf9a028302ed4184","hash":"8fab4afbcedec51deeec13e5f0cf010d912d3107"}
}
