TN:
SF:src/components/BlockText/BlockText.js
FN:8,(anonymous_0)
FN:25,(anonymous_1)
FN:28,(anonymous_2)
FN:29,(anonymous_3)
FNF:4
FNH:4
FNDA:16,(anonymous_0)
FNDA:7,(anonymous_1)
FNDA:10,(anonymous_2)
FNDA:6,(anonymous_3)
DA:8,1
DA:9,16
DA:10,16
DA:12,7
DA:15,5
DA:18,4
DA:21,0
DA:25,1
DA:26,7
DA:28,10
DA:29,6
DA:34,1
DA:36,1
LF:13
LH:12
BRDA:9,0,0,0
BRDA:9,0,1,16
BRDA:10,1,0,7
BRDA:10,1,1,5
BRDA:10,1,2,4
BRDA:10,1,3,0
BRDA:28,2,0,5
BRDA:28,2,1,2
BRF:8
BRH:6
end_of_record
TN:
SF:src/components/BlockText/styled.js
FN:5,(anonymous_0)
FN:20,(anonymous_1)
FN:20,(anonymous_2)
FNF:3
FNH:0
FNDA:0,(anonymous_0)
FNDA:0,(anonymous_1)
FNDA:0,(anonymous_2)
DA:5,1
DA:20,0
LF:2
LH:1
BRDA:23,0,0,0
BRDA:23,0,1,0
BRDA:24,1,0,0
BRDA:24,1,1,0
BRDA:25,2,0,0
BRDA:25,2,1,0
BRDA:26,3,0,0
BRDA:26,3,1,0
BRDA:27,4,0,0
BRDA:27,4,1,0
BRDA:28,5,0,0
BRDA:28,5,1,0
BRF:12
BRH:0
end_of_record
TN:
SF:src/functional/Content.js
FN:6,(anonymous_0)
FNF:1
FNH:1
FNDA:4,(anonymous_0)
DA:6,2
DA:7,4
DA:8,4
DA:9,2
DA:14,2
LF:5
LH:5
BRDA:7,0,0,3
BRDA:7,0,1,1
BRDA:8,1,0,2
BRDA:8,1,1,2
BRF:4
BRH:4
end_of_record
TN:
SF:src/functional/ContentMarkdownRemark.js
FN:7,(anonymous_0)
FNF:1
FNH:1
FNDA:3,(anonymous_0)
DA:7,1
DA:8,3
DA:9,3
DA:10,2
DA:15,1
LF:5
LH:5
BRDA:8,0,0,2
BRDA:8,0,1,1
BRDA:8,1,0,3
BRDA:8,1,1,3
BRDA:9,2,0,1
BRDA:9,2,1,2
BRF:6
BRH:6
end_of_record
TN:
SF:src/functional/Text.js
FN:7,(anonymous_0)
FNF:1
FNH:0
FNDA:0,(anonymous_0)
DA:7,1
DA:8,0
DA:9,0
DA:10,0
DA:13,1
LF:5
LH:2
BRDA:8,0,0,0
BRDA:8,0,1,0
BRDA:9,1,0,0
BRDA:9,1,1,0
BRF:4
BRH:0
end_of_record
TN:
SF:src/styles/common.styled.js
FN:14,(anonymous_0)
FN:29,(anonymous_1)
FN:29,(anonymous_2)
FN:62,(anonymous_3)
FN:62,(anonymous_4)
FN:84,(anonymous_5)
FN:90,(anonymous_6)
FN:90,(anonymous_7)
FN:105,(anonymous_8)
FN:113,(anonymous_9)
FN:113,(anonymous_10)
FN:143,(anonymous_11)
FN:152,(anonymous_12)
FN:152,(anonymous_13)
FN:195,(anonymous_14)
FN:214,(anonymous_15)
FN:214,(anonymous_16)
FN:314,(anonymous_17)
FN:329,(anonymous_18)
FN:329,(anonymous_19)
FNF:20
FNH:3
FNDA:0,(anonymous_0)
FNDA:0,(anonymous_1)
FNDA:0,(anonymous_2)
FNDA:0,(anonymous_3)
FNDA:0,(anonymous_4)
FNDA:0,(anonymous_5)
FNDA:0,(anonymous_6)
FNDA:0,(anonymous_7)
FNDA:4,(anonymous_8)
FNDA:4,(anonymous_9)
FNDA:12,(anonymous_10)
FNDA:0,(anonymous_11)
FNDA:0,(anonymous_12)
FNDA:0,(anonymous_13)
FNDA:0,(anonymous_14)
FNDA:0,(anonymous_15)
FNDA:0,(anonymous_16)
FNDA:0,(anonymous_17)
FNDA:0,(anonymous_18)
FNDA:0,(anonymous_19)
DA:14,4
DA:29,0
DA:62,0
DA:84,4
DA:90,0
DA:105,4
DA:113,12
DA:143,4
DA:152,0
DA:195,4
DA:214,0
DA:314,4
DA:329,0
LF:13
LH:7
BRDA:32,0,0,0
BRDA:32,0,1,0
BRDA:33,1,0,0
BRDA:33,1,1,0
BRDA:34,2,0,0
BRDA:34,2,1,0
BRDA:35,3,0,0
BRDA:35,3,1,0
BRDA:36,4,0,0
BRDA:36,4,1,0
BRDA:37,5,0,0
BRDA:37,5,1,0
BRDA:39,6,0,0
BRDA:39,6,1,0
BRDA:39,7,0,0
BRDA:39,7,1,0
BRDA:40,8,0,0
BRDA:40,8,1,0
BRDA:49,9,0,0
BRDA:49,9,1,0
BRDA:49,10,0,0
BRDA:49,10,1,0
BRDA:54,11,0,0
BRDA:54,11,1,0
BRDA:54,12,0,0
BRDA:54,12,1,0
BRDA:62,13,0,0
BRDA:62,13,1,0
BRDA:75,14,0,0
BRDA:75,14,1,0
BRDA:78,15,0,0
BRDA:78,15,1,0
BRDA:94,16,0,0
BRDA:94,16,1,0
BRDA:95,17,0,0
BRDA:95,17,1,0
BRDA:96,18,0,0
BRDA:96,18,1,0
BRDA:97,19,0,0
BRDA:97,19,1,0
BRDA:98,20,0,0
BRDA:98,20,1,0
BRDA:99,21,0,0
BRDA:99,21,1,0
BRDA:116,22,0,12
BRDA:116,22,1,0
BRDA:117,23,0,12
BRDA:117,23,1,0
BRDA:120,24,0,12
BRDA:120,24,1,0
BRDA:155,25,0,0
BRDA:155,25,1,0
BRDA:157,26,0,0
BRDA:157,26,1,0
BRDA:157,27,0,0
BRDA:157,27,1,0
BRDA:157,27,2,0
BRDA:165,28,0,0
BRDA:165,28,1,0
BRDA:166,29,0,0
BRDA:166,29,1,0
BRDA:167,30,0,0
BRDA:167,30,1,0
BRDA:168,31,0,0
BRDA:168,31,1,0
BRDA:169,32,0,0
BRDA:169,32,1,0
BRDA:172,33,0,0
BRDA:172,33,1,0
BRDA:173,34,0,0
BRDA:173,34,1,0
BRDA:176,35,0,0
BRDA:176,35,1,0
BRDA:179,36,0,0
BRDA:179,36,1,0
BRDA:183,37,0,0
BRDA:183,37,1,0
BRDA:183,38,0,0
BRDA:183,38,1,0
BRDA:201,39,0,0
BRDA:201,39,1,0
BRDA:218,40,0,0
BRDA:218,40,1,0
BRDA:219,41,0,0
BRDA:219,41,1,0
BRDA:220,42,0,0
BRDA:220,42,1,0
BRDA:221,43,0,0
BRDA:221,43,1,0
BRDA:222,44,0,0
BRDA:222,44,1,0
BRDA:223,45,0,0
BRDA:223,45,1,0
BRDA:226,46,0,0
BRDA:226,46,1,0
BRDA:227,47,0,0
BRDA:227,47,1,0
BRDA:231,48,0,0
BRDA:231,48,1,0
BRDA:232,49,0,0
BRDA:232,49,1,0
BRDA:233,50,0,0
BRDA:233,50,1,0
BRDA:239,51,0,0
BRDA:239,51,1,0
BRDA:251,52,0,0
BRDA:251,52,1,0
BRDA:265,53,0,0
BRDA:265,53,1,0
BRDA:277,54,0,0
BRDA:277,54,1,0
BRDA:282,55,0,0
BRDA:282,55,1,0
BRDA:283,56,0,0
BRDA:283,56,1,0
BRDA:331,57,0,0
BRDA:331,57,1,0
BRDA:336,58,0,0
BRDA:336,58,1,0
BRDA:337,59,0,0
BRDA:337,59,1,0
BRDA:344,60,0,0
BRDA:344,60,1,0
BRF:123
BRH:3
end_of_record
TN:
SF:src/styles/constants.js
FNF:0
FNH:0
DA:1,4
DA:26,4
DA:32,4
LF:3
LH:3
BRF:0
BRH:0
end_of_record
TN:
SF:src/test/mock/fields-data/atom.model.config.js
FNF:0
FNH:0
DA:1,4
DA:9,4
DA:18,4
DA:25,4
DA:32,4
DA:34,4
DA:41,4
DA:49,4
DA:59,4
DA:70,4
DA:82,4
DA:84,4
DA:85,4
DA:87,4
DA:88,4
DA:90,4
DA:97,4
DA:103,4
DA:110,4
DA:117,4
DA:124,4
DA:131,4
DA:138,4
DA:146,4
DA:154,4
DA:165,4
DA:175,4
DA:186,4
DA:197,4
DA:205,4
DA:210,4
LF:31
LH:31
BRF:0
BRH:0
end_of_record
TN:
SF:src/test/mock/fields-data/molecules.model.config.js
FNF:0
FNH:0
DA:14,3
DA:35,3
DA:68,3
DA:80,3
DA:96,3
DA:150,3
DA:204,3
DA:258,3
DA:318,3
LF:9
LH:9
BRF:0
BRH:0
end_of_record
TN:
SF:src/test/mock/fields-data/organism.model.config.js
FNF:0
FNH:0
DA:29,3
DA:84,3
DA:134,3
DA:170,3
DA:203,3
DA:210,3
DA:221,3
DA:233,3
DA:241,3
DA:248,3
DA:276,3
LF:11
LH:11
BRF:0
BRH:0
end_of_record
TN:
SF:src/utils/StyleGenerator.js
FN:4,(anonymous_0)
FN:43,(anonymous_1)
FN:82,(anonymous_2)
FN:161,(anonymous_3)
FN:202,(anonymous_4)
FN:259,(anonymous_5)
FN:267,(anonymous_6)
FN:278,(anonymous_7)
FN:279,(anonymous_8)
FN:287,(anonymous_9)
FN:297,(anonymous_10)
FN:307,(anonymous_11)
FN:330,(anonymous_12)
FNF:13
FNH:13
FNDA:14,(anonymous_0)
FNDA:2,(anonymous_1)
FNDA:3,(anonymous_2)
FNDA:26,(anonymous_3)
FNDA:4,(anonymous_4)
FNDA:26,(anonymous_5)
FNDA:6,(anonymous_6)
FNDA:7,(anonymous_7)
FNDA:5,(anonymous_8)
FNDA:2,(anonymous_9)
FNDA:2,(anonymous_10)
FNDA:5,(anonymous_11)
FNDA:5,(anonymous_12)
DA:4,5
DA:5,14
DA:6,0
DA:24,14
DA:43,5
DA:44,2
DA:45,0
DA:63,2
DA:82,5
DA:83,3
DA:84,0
DA:122,3
DA:161,5
DA:162,26
DA:202,5
DA:203,4
DA:259,5
DA:260,26
DA:261,1
DA:263,25
DA:267,5
DA:268,6
DA:269,6
DA:278,5
DA:279,7
DA:280,5
DA:287,5
DA:288,2
DA:289,1
DA:290,1
DA:297,5
DA:298,2
DA:299,1
DA:300,1
DA:307,5
DA:308,5
DA:310,4
DA:311,4
DA:313,4
DA:314,3
DA:316,3
DA:322,1
DA:330,5
DA:331,5
DA:333,4
DA:334,4
DA:336,4
DA:337,3
DA:339,3
DA:345,1
LF:50
LH:47
BRDA:5,0,0,0
BRDA:5,0,1,14
BRDA:7,1,0,0
BRDA:7,1,1,0
BRDA:7,2,0,0
BRDA:7,2,1,0
BRDA:7,2,2,0
BRDA:11,3,0,0
BRDA:11,3,1,0
BRDA:11,4,0,0
BRDA:11,4,1,0
BRDA:11,4,2,0
BRDA:15,5,0,0
BRDA:15,5,1,0
BRDA:15,6,0,0
BRDA:15,6,1,0
BRDA:15,6,2,0
BRDA:19,7,0,0
BRDA:19,7,1,0
BRDA:19,8,0,0
BRDA:19,8,1,0
BRDA:19,8,2,0
BRDA:25,9,0,1
BRDA:25,9,1,13
BRDA:25,10,0,14
BRDA:25,10,1,14
BRDA:25,10,2,14
BRDA:29,11,0,1
BRDA:29,11,1,13
BRDA:29,12,0,14
BRDA:29,12,1,14
BRDA:29,12,2,14
BRDA:33,13,0,1
BRDA:33,13,1,13
BRDA:33,14,0,14
BRDA:33,14,1,14
BRDA:33,14,2,14
BRDA:37,15,0,1
BRDA:37,15,1,13
BRDA:37,16,0,14
BRDA:37,16,1,14
BRDA:37,16,2,14
BRDA:44,17,0,0
BRDA:44,17,1,2
BRDA:46,18,0,0
BRDA:46,18,1,0
BRDA:46,19,0,0
BRDA:46,19,1,0
BRDA:46,19,2,0
BRDA:50,20,0,0
BRDA:50,20,1,0
BRDA:50,21,0,0
BRDA:50,21,1,0
BRDA:50,21,2,0
BRDA:54,22,0,0
BRDA:54,22,1,0
BRDA:54,23,0,0
BRDA:54,23,1,0
BRDA:54,23,2,0
BRDA:58,24,0,0
BRDA:58,24,1,0
BRDA:58,25,0,0
BRDA:58,25,1,0
BRDA:58,25,2,0
BRDA:64,26,0,1
BRDA:64,26,1,1
BRDA:64,27,0,2
BRDA:64,27,1,2
BRDA:64,27,2,2
BRDA:68,28,0,1
BRDA:68,28,1,1
BRDA:68,29,0,2
BRDA:68,29,1,2
BRDA:68,29,2,2
BRDA:72,30,0,1
BRDA:72,30,1,1
BRDA:72,31,0,2
BRDA:72,31,1,2
BRDA:72,31,2,2
BRDA:76,32,0,1
BRDA:76,32,1,1
BRDA:76,33,0,2
BRDA:76,33,1,2
BRDA:76,33,2,2
BRDA:83,34,0,0
BRDA:83,34,1,3
BRDA:85,35,0,0
BRDA:85,35,1,0
BRDA:85,36,0,0
BRDA:85,36,1,0
BRDA:85,36,2,0
BRDA:86,37,0,0
BRDA:86,37,1,0
BRDA:91,38,0,0
BRDA:91,38,1,0
BRDA:91,39,0,0
BRDA:91,39,1,0
BRDA:91,39,2,0
BRDA:92,40,0,0
BRDA:92,40,1,0
BRDA:97,41,0,0
BRDA:97,41,1,0
BRDA:97,42,0,0
BRDA:97,42,1,0
BRDA:97,42,2,0
BRDA:98,43,0,0
BRDA:98,43,1,0
BRDA:103,44,0,0
BRDA:103,44,1,0
BRDA:103,45,0,0
BRDA:103,45,1,0
BRDA:103,45,2,0
BRDA:104,46,0,0
BRDA:104,46,1,0
BRDA:109,47,0,0
BRDA:109,47,1,0
BRDA:109,48,0,0
BRDA:109,48,1,0
BRDA:109,48,2,0
BRDA:110,49,0,0
BRDA:110,49,1,0
BRDA:115,50,0,0
BRDA:115,50,1,0
BRDA:115,51,0,0
BRDA:115,51,1,0
BRDA:115,51,2,0
BRDA:116,52,0,0
BRDA:116,52,1,0
BRDA:123,53,0,2
BRDA:123,53,1,1
BRDA:123,54,0,3
BRDA:123,54,1,3
BRDA:123,54,2,2
BRDA:124,55,0,1
BRDA:124,55,1,1
BRDA:129,56,0,2
BRDA:129,56,1,1
BRDA:129,57,0,3
BRDA:129,57,1,3
BRDA:129,57,2,2
BRDA:130,58,0,1
BRDA:130,58,1,1
BRDA:135,59,0,2
BRDA:135,59,1,1
BRDA:135,60,0,3
BRDA:135,60,1,3
BRDA:135,60,2,2
BRDA:136,61,0,1
BRDA:136,61,1,1
BRDA:141,62,0,2
BRDA:141,62,1,1
BRDA:141,63,0,3
BRDA:141,63,1,3
BRDA:141,63,2,2
BRDA:142,64,0,1
BRDA:142,64,1,1
BRDA:147,65,0,2
BRDA:147,65,1,1
BRDA:147,66,0,3
BRDA:147,66,1,3
BRDA:147,66,2,2
BRDA:148,67,0,1
BRDA:148,67,1,1
BRDA:153,68,0,2
BRDA:153,68,1,1
BRDA:153,69,0,3
BRDA:153,69,1,3
BRDA:153,69,2,2
BRDA:154,70,0,1
BRDA:154,70,1,1
BRDA:163,71,0,1
BRDA:163,71,1,25
BRDA:167,72,0,1
BRDA:167,72,1,25
BRDA:171,73,0,1
BRDA:171,73,1,25
BRDA:171,74,0,26
BRDA:171,74,1,1
BRDA:175,75,0,1
BRDA:175,75,1,25
BRDA:175,76,0,26
BRDA:175,76,1,1
BRDA:179,77,0,0
BRDA:179,77,1,26
BRDA:179,78,0,26
BRDA:179,78,1,25
BRDA:183,79,0,1
BRDA:183,79,1,25
BRDA:187,80,0,25
BRDA:187,80,1,1
BRDA:187,81,0,26
BRDA:187,81,1,26
BRDA:191,82,0,1
BRDA:191,82,1,25
BRDA:191,83,0,26
BRDA:191,83,1,26
BRDA:191,83,2,1
BRDA:195,84,0,1
BRDA:195,84,1,25
BRDA:195,85,0,26
BRDA:195,85,1,26
BRDA:195,85,2,1
BRDA:205,86,0,2
BRDA:205,86,1,2
BRDA:205,87,0,4
BRDA:205,87,1,3
BRDA:206,88,0,1
BRDA:206,88,1,1
BRDA:211,89,0,2
BRDA:211,89,1,2
BRDA:211,90,0,4
BRDA:211,90,1,3
BRDA:212,91,0,1
BRDA:212,91,1,1
BRDA:217,92,0,2
BRDA:217,92,1,2
BRDA:217,93,0,4
BRDA:217,93,1,3
BRDA:218,94,0,1
BRDA:218,94,1,1
BRDA:223,95,0,2
BRDA:223,95,1,2
BRDA:223,96,0,4
BRDA:223,96,1,3
BRDA:224,97,0,1
BRDA:224,97,1,1
BRDA:229,98,0,4
BRDA:229,98,1,0
BRDA:231,99,0,2
BRDA:231,99,1,2
BRDA:231,100,0,4
BRDA:231,100,1,3
BRDA:232,101,0,1
BRDA:232,101,1,1
BRDA:237,102,0,2
BRDA:237,102,1,2
BRDA:237,103,0,4
BRDA:237,103,1,3
BRDA:238,104,0,1
BRDA:238,104,1,1
BRDA:243,105,0,2
BRDA:243,105,1,2
BRDA:243,106,0,4
BRDA:243,106,1,3
BRDA:244,107,0,1
BRDA:244,107,1,1
BRDA:249,108,0,2
BRDA:249,108,1,2
BRDA:249,109,0,4
BRDA:249,109,1,3
BRDA:250,110,0,1
BRDA:250,110,1,1
BRDA:260,111,0,1
BRDA:260,111,1,25
BRDA:270,112,0,4
BRDA:270,112,1,2
BRDA:270,113,0,6
BRDA:270,113,1,4
BRDA:271,114,0,2
BRDA:271,114,1,2
BRDA:288,115,0,1
BRDA:288,115,1,1
BRDA:289,116,0,1
BRDA:289,116,1,0
BRDA:298,117,0,1
BRDA:298,117,1,1
BRDA:299,118,0,1
BRDA:299,118,1,0
BRDA:308,119,0,1
BRDA:308,119,1,4
BRDA:310,120,0,4
BRDA:310,120,1,0
BRDA:313,121,0,3
BRDA:313,121,1,1
BRDA:313,122,0,4
BRDA:313,122,1,3
BRDA:313,122,2,2
BRDA:331,123,0,1
BRDA:331,123,1,4
BRDA:333,124,0,4
BRDA:333,124,1,0
BRDA:336,125,0,3
BRDA:336,125,1,1
BRDA:336,126,0,4
BRDA:336,126,1,3
BRDA:336,126,2,2
BRF:286
BRH:195
end_of_record
TN:
SF:src/utils/customHooks.js
FN:3,(anonymous_0)
FN:11,(anonymous_1)
FN:13,handleResize
FN:28,(anonymous_3)
FN:35,(anonymous_4)
FN:43,(anonymous_5)
FN:45,handleScroll
FN:59,(anonymous_7)
FNF:8
FNH:8
FNDA:10,(anonymous_0)
FNDA:4,(anonymous_1)
FNDA:6,handleResize
FNDA:4,(anonymous_3)
FNDA:5,(anonymous_4)
FNDA:2,(anonymous_5)
FNDA:3,handleScroll
FNDA:2,(anonymous_7)
DA:3,1
DA:6,10
DA:11,10
DA:15,6
DA:22,4
DA:25,4
DA:28,4
DA:31,10
DA:35,1
DA:38,5
DA:43,5
DA:47,3
DA:53,2
DA:56,2
DA:59,2
DA:62,5
LF:16
LH:16
BRF:0
BRH:0
end_of_record
TN:
SF:src/utils/functions.js
FN:1,(anonymous_0)
FN:4,(anonymous_1)
FN:14,(anonymous_2)
FN:19,(anonymous_3)
FN:24,(anonymous_4)
FN:28,(anonymous_5)
FN:30,(anonymous_6)
FN:32,(anonymous_7)
FN:36,(anonymous_8)
FN:40,naiveCopy
FN:51,(anonymous_10)
FN:55,(anonymous_11)
FNF:12
FNH:11
FNDA:3,(anonymous_0)
FNDA:0,(anonymous_1)
FNDA:2,(anonymous_2)
FNDA:2,(anonymous_3)
FNDA:5,(anonymous_4)
FNDA:34,(anonymous_5)
FNDA:1,(anonymous_6)
FNDA:1,(anonymous_7)
FNDA:20,(anonymous_8)
FNDA:1,naiveCopy
FNDA:18,(anonymous_10)
FNDA:2,(anonymous_11)
DA:1,6
DA:2,3
DA:3,2
DA:4,2
DA:6,2
DA:7,2
DA:14,6
DA:15,2
DA:16,1
DA:19,6
DA:20,2
DA:21,1
DA:24,6
DA:25,5
DA:28,34
DA:30,6
DA:32,6
DA:33,1
DA:36,6
DA:37,20
DA:41,1
DA:44,1
DA:45,3
DA:47,1
DA:51,6
DA:52,18
DA:55,6
DA:56,2
LF:28
LH:28
BRDA:2,0,0,1
BRDA:2,0,1,2
BRDA:7,1,0,1
BRDA:7,1,1,1
BRDA:15,2,0,1
BRDA:15,2,1,1
BRDA:20,3,0,1
BRDA:20,3,1,1
BRF:8
BRH:8
end_of_record
TN:
SF:src/utils/gettersCommonElement.js
FN:6,(anonymous_0)
FN:9,(anonymous_1)
FN:24,(anonymous_2)
FNF:3
FNH:3
FNDA:4,(anonymous_0)
FNDA:4,(anonymous_1)
FNDA:11,(anonymous_2)
DA:6,1
DA:7,4
DA:9,4
DA:10,4
DA:11,4
DA:12,1
DA:14,3
DA:24,1
DA:25,11
DA:26,11
DA:28,11
DA:29,11
DA:30,1
DA:34,10
DA:35,4
DA:43,6
DA:44,5
DA:53,1
LF:18
LH:18
BRDA:10,0,0,3
BRDA:10,0,1,1
BRDA:11,1,0,1
BRDA:11,1,1,3
BRDA:18,2,0,0
BRDA:18,2,1,3
BRDA:28,3,0,11
BRDA:28,3,1,0
BRDA:28,4,0,11
BRDA:28,4,1,11
BRDA:29,5,0,1
BRDA:29,5,1,10
BRDA:34,6,0,4
BRDA:34,6,1,6
BRDA:43,7,0,5
BRDA:43,7,1,1
BRDA:43,8,0,6
BRDA:43,8,1,2
BRF:18
BRH:16
end_of_record
TN:
SF:src/utils/gettersProperties.js
FN:3,(anonymous_0)
FN:11,(anonymous_1)
FN:22,(anonymous_2)
FN:32,(anonymous_3)
FN:40,(anonymous_4)
FN:50,(anonymous_5)
FNF:6
FNH:2
FNDA:7,(anonymous_0)
FNDA:0,(anonymous_1)
FNDA:0,(anonymous_2)
FNDA:4,(anonymous_3)
FNDA:0,(anonymous_4)
FNDA:0,(anonymous_5)
DA:3,3
DA:4,7
DA:11,3
DA:12,0
DA:22,3
DA:23,0
DA:32,3
DA:33,4
DA:40,3
DA:41,0
DA:50,3
DA:51,0
LF:12
LH:8
BRDA:5,0,0,7
BRDA:5,0,1,0
BRDA:6,1,0,7
BRDA:6,1,1,0
BRDA:6,2,0,7
BRDA:6,2,1,7
BRDA:7,3,0,0
BRDA:7,3,1,7
BRDA:7,4,0,7
BRDA:7,4,1,7
BRDA:7,4,2,7
BRDA:13,5,0,0
BRDA:13,5,1,0
BRDA:15,6,0,0
BRDA:15,6,1,0
BRDA:16,7,0,0
BRDA:16,7,1,0
BRDA:16,8,0,0
BRDA:16,8,1,0
BRDA:17,9,0,0
BRDA:17,9,1,0
BRDA:17,10,0,0
BRDA:17,10,1,0
BRDA:17,10,2,0
BRDA:24,11,0,0
BRDA:24,11,1,0
BRDA:25,12,0,0
BRDA:25,12,1,0
BRDA:25,13,0,0
BRDA:25,13,1,0
BRDA:25,13,2,0
BRDA:26,14,0,0
BRDA:26,14,1,0
BRDA:26,15,0,0
BRDA:26,15,1,0
BRDA:26,15,2,0
BRDA:27,16,0,0
BRDA:27,16,1,0
BRDA:27,17,0,0
BRDA:27,17,1,0
BRDA:27,17,2,0
BRDA:28,18,0,0
BRDA:28,18,1,0
BRDA:28,19,0,0
BRDA:28,19,1,0
BRDA:28,19,2,0
BRDA:35,20,0,4
BRDA:35,20,1,4
BRDA:35,20,2,4
BRDA:36,21,0,4
BRDA:36,21,1,4
BRDA:36,21,2,4
BRF:52
BRH:14
end_of_record
TN:
SF:stories/mock/Content.js
FNF:0
FNH:0
DA:3,1
LF:1
LH:1
BRF:0
BRH:0
end_of_record
TN:
SF:stories/mock/Image.js
FNF:0
FNH:0
DA:1,1
LF:1
LH:1
BRF:0
BRH:0
end_of_record
TN:
SF:stories/mock/Images.js
FNF:0
FNH:0
DA:1,1
LF:1
LH:1
BRF:0
BRH:0
end_of_record
TN:
SF:stories/mock/Template.js
FNF:0
FNH:0
DA:13,1
LF:1
LH:1
BRF:0
BRH:0
end_of_record
TN:
SF:stories/mock/Text.js
FNF:0
FNH:0
DA:3,1
DA:23,1
LF:2
LH:2
BRF:0
BRH:0
end_of_record
TN:
SF:stories/mock/index.js
FNF:0
FNH:0
LF:0
LH:0
BRF:0
BRH:0
end_of_record
TN:
SF:stories/mock/models/atom.model.config.js
FNF:0
FNH:0
DA:1,1
DA:9,1
DA:18,1
DA:25,1
DA:32,1
DA:34,1
DA:41,1
DA:48,1
DA:55,1
DA:63,1
DA:73,1
DA:84,1
DA:96,1
DA:98,1
DA:99,1
DA:101,1
DA:102,1
DA:104,1
DA:111,1
DA:117,1
DA:124,1
DA:131,1
DA:138,1
DA:145,1
DA:152,1
DA:163,1
DA:173,1
DA:184,1
DA:195,1
DA:203,1
DA:208,1
LF:31
LH:31
BRF:0
BRH:0
end_of_record
TN:
SF:stories/mock/models/molecules.model.config.js
FNF:0
FNH:0
DA:14,1
DA:35,1
DA:68,1
DA:80,1
DA:96,1
DA:150,1
DA:204,1
DA:258,1
DA:318,1
LF:9
LH:9
BRF:0
BRH:0
end_of_record
