TN:
SF:src/components/BlockText/BlockText.js
FN:8,(anonymous_0)
FN:25,(anonymous_1)
FN:28,(anonymous_2)
FN:29,(anonymous_3)
FNF:4
FNH:4
FNDA:13,(anonymous_0)
FNDA:6,(anonymous_1)
FNDA:10,(anonymous_2)
FNDA:3,(anonymous_3)
DA:8,1
DA:9,13
DA:10,12
DA:12,5
DA:15,4
DA:18,3
DA:21,0
DA:25,1
DA:26,6
DA:28,10
DA:29,3
DA:34,1
DA:36,1
LF:13
LH:12
BRDA:9,0,0,1
BRDA:9,0,1,12
BRDA:10,1,0,5
BRDA:10,1,1,4
BRDA:10,1,2,3
BRDA:10,1,3,0
BRDA:28,2,0,5
BRDA:28,2,1,1
BRF:8
BRH:7
end_of_record
TN:
SF:src/components/BlockText/styled.js
FN:5,(anonymous_0)
FN:20,(anonymous_1)
FN:20,(anonymous_2)
FNF:3
FNH:3
FNDA:6,(anonymous_0)
FNDA:6,(anonymous_1)
FNDA:18,(anonymous_2)
DA:5,6
DA:20,18
LF:2
LH:2
BRDA:23,0,0,18
BRDA:23,0,1,0
BRDA:24,1,0,18
BRDA:24,1,1,0
BRDA:25,2,0,18
BRDA:25,2,1,0
BRDA:26,3,0,18
BRDA:26,3,1,0
BRDA:27,4,0,18
BRDA:27,4,1,0
BRDA:28,5,0,18
BRDA:28,5,1,0
BRF:12
BRH:6
end_of_record
TN:
SF:src/functional/CTA.js
FN:6,(anonymous_0)
FN:20,(anonymous_1)
FNF:2
FNH:2
FNDA:16,(anonymous_0)
FNDA:2,(anonymous_1)
DA:6,1
DA:7,16
DA:8,16
DA:10,16
DA:12,16
DA:13,14
DA:21,2
DA:32,1
LF:8
LH:8
BRDA:6,0,0,16
BRDA:7,1,0,13
BRDA:7,1,1,3
BRDA:7,2,0,16
BRDA:7,2,1,16
BRDA:8,3,0,13
BRDA:8,3,1,3
BRDA:8,4,0,16
BRDA:8,4,1,16
BRDA:10,5,0,13
BRDA:10,5,1,3
BRDA:10,6,0,16
BRDA:10,6,1,16
BRDA:12,7,0,2
BRDA:12,7,1,14
BRDA:12,8,0,16
BRDA:12,8,1,3
BRDA:17,9,0,3
BRDA:17,9,1,11
BRDA:18,10,0,3
BRDA:18,10,1,11
BRDA:19,11,0,3
BRDA:19,11,1,11
BRDA:21,12,0,1
BRDA:21,12,1,1
BRDA:26,13,0,13
BRDA:26,13,1,1
BRDA:27,14,0,13
BRDA:27,14,1,1
BRF:29
BRH:29
end_of_record
TN:
SF:src/functional/CTACustomLink.js
FN:6,(anonymous_0)
FN:18,(anonymous_1)
FNF:2
FNH:2
FNDA:16,(anonymous_0)
FNDA:2,(anonymous_1)
DA:6,1
DA:7,16
DA:8,16
DA:10,16
DA:11,14
DA:19,2
DA:30,1
LF:7
LH:7
BRDA:7,0,0,13
BRDA:7,0,1,3
BRDA:7,1,0,16
BRDA:7,1,1,16
BRDA:8,2,0,13
BRDA:8,2,1,3
BRDA:8,3,0,16
BRDA:8,3,1,16
BRDA:10,4,0,2
BRDA:10,4,1,14
BRDA:10,5,0,16
BRDA:10,5,1,3
BRDA:13,6,0,14
BRDA:13,6,1,14
BRDA:15,7,0,3
BRDA:15,7,1,11
BRDA:15,8,0,14
BRDA:15,8,1,14
BRDA:16,9,0,3
BRDA:16,9,1,11
BRDA:16,10,0,14
BRDA:16,10,1,14
BRDA:17,11,0,3
BRDA:17,11,1,11
BRDA:17,12,0,14
BRDA:17,12,1,14
BRDA:19,13,0,1
BRDA:19,13,1,1
BRDA:19,14,0,2
BRDA:19,14,1,2
BRDA:24,15,0,13
BRDA:24,15,1,1
BRDA:25,16,0,13
BRDA:25,16,1,1
BRF:34
BRH:34
end_of_record
TN:
SF:src/functional/Content.js
FN:6,(anonymous_0)
FNF:1
FNH:1
FNDA:7,(anonymous_0)
DA:6,2
DA:7,7
DA:8,7
DA:9,5
DA:14,2
LF:5
LH:5
BRDA:7,0,0,6
BRDA:7,0,1,1
BRDA:8,1,0,2
BRDA:8,1,1,5
BRF:4
BRH:4
end_of_record
TN:
SF:src/functional/ContentMarkdownRemark.js
FN:7,(anonymous_0)
FNF:1
FNH:1
FNDA:3,(anonymous_0)
DA:7,1
DA:8,3
DA:9,3
DA:10,2
DA:15,1
LF:5
LH:5
BRDA:8,0,0,2
BRDA:8,0,1,1
BRDA:8,1,0,3
BRDA:8,1,1,3
BRDA:9,2,0,1
BRDA:9,2,1,2
BRF:6
BRH:6
end_of_record
TN:
SF:src/functional/Image.js
FN:8,(anonymous_0)
FNF:1
FNH:1
FNDA:7,(anonymous_0)
DA:8,1
DA:9,7
DA:10,7
DA:11,7
DA:12,7
DA:14,7
DA:15,6
DA:22,1
LF:8
LH:8
BRDA:11,0,0,6
BRDA:11,0,1,1
BRDA:12,1,0,6
BRDA:12,1,1,1
BRDA:12,2,0,7
BRDA:12,2,1,7
BRDA:14,3,0,1
BRDA:14,3,1,6
BRDA:17,4,0,6
BRDA:17,4,1,0
BRF:10
BRH:9
end_of_record
TN:
SF:src/functional/ImageClickable.js
FN:8,(anonymous_0)
FN:29,(anonymous_1)
FNF:2
FNH:2
FNDA:27,(anonymous_0)
FNDA:2,(anonymous_1)
DA:8,1
DA:9,27
DA:10,27
DA:11,27
DA:12,27
DA:14,27
DA:15,26
DA:16,0
DA:22,26
DA:30,2
DA:40,1
LF:11
LH:10
BRDA:11,0,0,26
BRDA:11,0,1,1
BRDA:12,1,0,23
BRDA:12,1,1,4
BRDA:12,2,0,27
BRDA:12,2,1,27
BRDA:14,3,0,1
BRDA:14,3,1,26
BRDA:15,4,0,0
BRDA:15,4,1,26
BRDA:18,5,0,0
BRDA:18,5,1,0
BRDA:25,6,0,10
BRDA:25,6,1,2
BRDA:25,7,0,26
BRDA:25,7,1,26
BRDA:26,8,0,4
BRDA:26,8,1,8
BRDA:26,9,0,12
BRDA:26,9,1,12
BRDA:27,10,0,4
BRDA:27,10,1,8
BRDA:27,11,0,12
BRDA:27,11,1,12
BRDA:28,12,0,10
BRDA:28,12,1,2
BRDA:28,13,0,12
BRDA:28,13,1,12
BRDA:30,14,0,1
BRDA:30,14,1,1
BRDA:30,15,0,2
BRDA:30,15,1,2
BRDA:30,15,2,2
BRDA:30,15,3,2
BRDA:30,15,4,2
BRDA:34,16,0,12
BRDA:34,16,1,0
BRF:37
BRH:33
end_of_record
TN:
SF:src/functional/Text.js
FN:6,(anonymous_0)
FNF:1
FNH:1
FNDA:13,(anonymous_0)
DA:6,2
DA:7,13
DA:8,13
DA:9,11
DA:12,2
LF:5
LH:5
BRDA:7,0,0,12
BRDA:7,0,1,1
BRDA:8,1,0,2
BRDA:8,1,1,11
BRF:4
BRH:4
end_of_record
TN:
SF:src/functional/TextCustomContent.js
FN:7,(anonymous_0)
FNF:1
FNH:1
FNDA:3,(anonymous_0)
DA:7,1
DA:8,3
DA:9,2
DA:12,1
LF:4
LH:4
BRDA:8,0,0,1
BRDA:8,0,1,2
BRF:2
BRH:2
end_of_record
TN:
SF:src/styles/common.styled.js
FN:14,(anonymous_0)
FN:29,(anonymous_1)
FN:29,(anonymous_2)
FN:62,(anonymous_3)
FN:62,(anonymous_4)
FN:84,(anonymous_5)
FN:90,(anonymous_6)
FN:90,(anonymous_7)
FN:105,(anonymous_8)
FN:113,(anonymous_9)
FN:113,(anonymous_10)
FN:143,(anonymous_11)
FN:152,(anonymous_12)
FN:152,(anonymous_13)
FN:195,(anonymous_14)
FN:214,(anonymous_15)
FN:214,(anonymous_16)
FN:314,(anonymous_17)
FN:329,(anonymous_18)
FN:329,(anonymous_19)
FNF:20
FNH:12
FNDA:0,(anonymous_0)
FNDA:0,(anonymous_1)
FNDA:0,(anonymous_2)
FNDA:0,(anonymous_3)
FNDA:0,(anonymous_4)
FNDA:13,(anonymous_5)
FNDA:13,(anonymous_6)
FNDA:39,(anonymous_7)
FNDA:7,(anonymous_8)
FNDA:7,(anonymous_9)
FNDA:21,(anonymous_10)
FNDA:18,(anonymous_11)
FNDA:18,(anonymous_12)
FNDA:54,(anonymous_13)
FNDA:28,(anonymous_14)
FNDA:28,(anonymous_15)
FNDA:84,(anonymous_16)
FNDA:0,(anonymous_17)
FNDA:0,(anonymous_18)
FNDA:0,(anonymous_19)
DA:14,10
DA:29,0
DA:62,0
DA:84,13
DA:90,39
DA:105,10
DA:113,21
DA:143,18
DA:152,54
DA:195,28
DA:214,84
DA:314,10
DA:329,0
LF:13
LH:10
BRDA:32,0,0,0
BRDA:32,0,1,0
BRDA:33,1,0,0
BRDA:33,1,1,0
BRDA:34,2,0,0
BRDA:34,2,1,0
BRDA:35,3,0,0
BRDA:35,3,1,0
BRDA:36,4,0,0
BRDA:36,4,1,0
BRDA:37,5,0,0
BRDA:37,5,1,0
BRDA:39,6,0,0
BRDA:39,6,1,0
BRDA:39,7,0,0
BRDA:39,7,1,0
BRDA:40,8,0,0
BRDA:40,8,1,0
BRDA:49,9,0,0
BRDA:49,9,1,0
BRDA:49,10,0,0
BRDA:49,10,1,0
BRDA:54,11,0,0
BRDA:54,11,1,0
BRDA:54,12,0,0
BRDA:54,12,1,0
BRDA:62,13,0,0
BRDA:62,13,1,0
BRDA:75,14,0,0
BRDA:75,14,1,0
BRDA:78,15,0,0
BRDA:78,15,1,0
BRDA:94,16,0,39
BRDA:94,16,1,0
BRDA:95,17,0,39
BRDA:95,17,1,0
BRDA:96,18,0,39
BRDA:96,18,1,0
BRDA:97,19,0,27
BRDA:97,19,1,12
BRDA:98,20,0,27
BRDA:98,20,1,12
BRDA:99,21,0,27
BRDA:99,21,1,0
BRDA:116,22,0,21
BRDA:116,22,1,0
BRDA:117,23,0,21
BRDA:117,23,1,0
BRDA:120,24,0,21
BRDA:120,24,1,0
BRDA:155,25,0,54
BRDA:155,25,1,0
BRDA:157,26,0,0
BRDA:157,26,1,54
BRDA:157,27,0,54
BRDA:157,27,1,54
BRDA:157,27,2,54
BRDA:165,28,0,54
BRDA:165,28,1,0
BRDA:166,29,0,54
BRDA:166,29,1,0
BRDA:167,30,0,54
BRDA:167,30,1,0
BRDA:168,31,0,54
BRDA:168,31,1,0
BRDA:169,32,0,54
BRDA:169,32,1,0
BRDA:172,33,0,54
BRDA:172,33,1,0
BRDA:173,34,0,0
BRDA:173,34,1,54
BRDA:176,35,0,54
BRDA:176,35,1,0
BRDA:179,36,0,54
BRDA:179,36,1,0
BRDA:183,37,0,0
BRDA:183,37,1,0
BRDA:183,38,0,0
BRDA:183,38,1,0
BRDA:201,39,0,28
BRDA:201,39,1,28
BRDA:218,40,0,84
BRDA:218,40,1,0
BRDA:219,41,0,84
BRDA:219,41,1,0
BRDA:220,42,0,84
BRDA:220,42,1,0
BRDA:221,43,0,84
BRDA:221,43,1,0
BRDA:222,44,0,84
BRDA:222,44,1,0
BRDA:223,45,0,84
BRDA:223,45,1,0
BRDA:226,46,0,84
BRDA:226,46,1,0
BRDA:227,47,0,84
BRDA:227,47,1,0
BRDA:231,48,0,84
BRDA:231,48,1,0
BRDA:232,49,0,84
BRDA:232,49,1,0
BRDA:233,50,0,84
BRDA:233,50,1,0
BRDA:239,51,0,84
BRDA:239,51,1,0
BRDA:251,52,0,84
BRDA:251,52,1,0
BRDA:265,53,0,84
BRDA:265,53,1,0
BRDA:277,54,0,84
BRDA:277,54,1,0
BRDA:282,55,0,0
BRDA:282,55,1,84
BRDA:283,56,0,0
BRDA:283,56,1,0
BRDA:331,57,0,0
BRDA:331,57,1,0
BRDA:336,58,0,0
BRDA:336,58,1,0
BRDA:337,59,0,0
BRDA:337,59,1,0
BRDA:344,60,0,0
BRDA:344,60,1,0
BRF:123
BRH:43
end_of_record
TN:
SF:src/styles/constants.js
FNF:0
FNH:0
DA:1,10
DA:26,10
DA:32,10
LF:3
LH:3
BRF:0
BRH:0
end_of_record
TN:
SF:src/test/mock/fields-data/atom.model.config.js
FNF:0
FNH:0
DA:1,12
DA:9,12
DA:18,12
DA:25,12
DA:32,12
DA:34,12
DA:41,12
DA:49,12
DA:59,12
DA:70,12
DA:82,12
DA:84,12
DA:85,12
DA:87,12
DA:88,12
DA:90,12
DA:97,12
DA:103,12
DA:110,12
DA:117,12
DA:124,12
DA:131,12
DA:138,12
DA:146,12
DA:154,12
DA:165,12
DA:175,12
DA:186,12
DA:197,12
DA:205,12
DA:210,12
LF:31
LH:31
BRF:0
BRH:0
end_of_record
TN:
SF:src/test/mock/fields-data/molecules.model.config.js
FNF:0
FNH:0
DA:14,11
DA:35,11
DA:68,11
DA:80,11
DA:96,11
DA:150,11
DA:204,11
DA:258,11
DA:318,11
LF:9
LH:9
BRF:0
BRH:0
end_of_record
TN:
SF:src/test/mock/fields-data/organism.model.config.js
FNF:0
FNH:0
DA:29,11
DA:84,11
DA:134,11
DA:170,11
DA:203,11
DA:210,11
DA:221,11
DA:233,11
DA:241,11
DA:248,11
DA:276,11
LF:11
LH:11
BRF:0
BRH:0
end_of_record
TN:
SF:src/utils/StyleGenerator.js
FN:4,(anonymous_0)
FN:43,(anonymous_1)
FN:82,(anonymous_2)
FN:161,(anonymous_3)
FN:202,(anonymous_4)
FN:259,(anonymous_5)
FN:267,(anonymous_6)
FN:278,(anonymous_7)
FN:279,(anonymous_8)
FN:287,(anonymous_9)
FN:297,(anonymous_10)
FN:307,(anonymous_11)
FN:330,(anonymous_12)
FNF:13
FNH:13
FNDA:302,(anonymous_0)
FNDA:158,(anonymous_1)
FNDA:159,(anonymous_2)
FNDA:251,(anonymous_3)
FNDA:187,(anonymous_4)
FNDA:1544,(anonymous_5)
FNDA:6,(anonymous_6)
FNDA:7,(anonymous_7)
FNDA:5,(anonymous_8)
FNDA:2,(anonymous_9)
FNDA:2,(anonymous_10)
FNDA:5,(anonymous_11)
FNDA:5,(anonymous_12)
DA:4,11
DA:5,302
DA:6,0
DA:24,302
DA:43,11
DA:44,158
DA:45,0
DA:63,158
DA:82,11
DA:83,159
DA:84,0
DA:122,159
DA:161,11
DA:162,251
DA:202,11
DA:203,187
DA:259,11
DA:260,1544
DA:261,100
DA:263,1444
DA:267,11
DA:268,6
DA:269,6
DA:278,11
DA:279,7
DA:280,5
DA:287,11
DA:288,2
DA:289,1
DA:290,1
DA:297,11
DA:298,2
DA:299,1
DA:300,1
DA:307,11
DA:308,5
DA:310,4
DA:311,4
DA:313,4
DA:314,3
DA:316,3
DA:322,1
DA:330,11
DA:331,5
DA:333,4
DA:334,4
DA:336,4
DA:337,3
DA:339,3
DA:345,1
LF:50
LH:47
BRDA:5,0,0,0
BRDA:5,0,1,302
BRDA:7,1,0,0
BRDA:7,1,1,0
BRDA:7,2,0,0
BRDA:7,2,1,0
BRDA:7,2,2,0
BRDA:11,3,0,0
BRDA:11,3,1,0
BRDA:11,4,0,0
BRDA:11,4,1,0
BRDA:11,4,2,0
BRDA:15,5,0,0
BRDA:15,5,1,0
BRDA:15,6,0,0
BRDA:15,6,1,0
BRDA:15,6,2,0
BRDA:19,7,0,0
BRDA:19,7,1,0
BRDA:19,8,0,0
BRDA:19,8,1,0
BRDA:19,8,2,0
BRDA:25,9,0,1
BRDA:25,9,1,301
BRDA:25,10,0,302
BRDA:25,10,1,302
BRDA:25,10,2,302
BRDA:29,11,0,1
BRDA:29,11,1,301
BRDA:29,12,0,302
BRDA:29,12,1,302
BRDA:29,12,2,302
BRDA:33,13,0,1
BRDA:33,13,1,301
BRDA:33,14,0,302
BRDA:33,14,1,302
BRDA:33,14,2,302
BRDA:37,15,0,1
BRDA:37,15,1,301
BRDA:37,16,0,302
BRDA:37,16,1,302
BRDA:37,16,2,302
BRDA:44,17,0,0
BRDA:44,17,1,158
BRDA:46,18,0,0
BRDA:46,18,1,0
BRDA:46,19,0,0
BRDA:46,19,1,0
BRDA:46,19,2,0
BRDA:50,20,0,0
BRDA:50,20,1,0
BRDA:50,21,0,0
BRDA:50,21,1,0
BRDA:50,21,2,0
BRDA:54,22,0,0
BRDA:54,22,1,0
BRDA:54,23,0,0
BRDA:54,23,1,0
BRDA:54,23,2,0
BRDA:58,24,0,0
BRDA:58,24,1,0
BRDA:58,25,0,0
BRDA:58,25,1,0
BRDA:58,25,2,0
BRDA:64,26,0,1
BRDA:64,26,1,157
BRDA:64,27,0,158
BRDA:64,27,1,158
BRDA:64,27,2,158
BRDA:68,28,0,1
BRDA:68,28,1,157
BRDA:68,29,0,158
BRDA:68,29,1,158
BRDA:68,29,2,158
BRDA:72,30,0,1
BRDA:72,30,1,157
BRDA:72,31,0,158
BRDA:72,31,1,158
BRDA:72,31,2,158
BRDA:76,32,0,1
BRDA:76,32,1,157
BRDA:76,33,0,158
BRDA:76,33,1,158
BRDA:76,33,2,158
BRDA:83,34,0,0
BRDA:83,34,1,159
BRDA:85,35,0,0
BRDA:85,35,1,0
BRDA:85,36,0,0
BRDA:85,36,1,0
BRDA:85,36,2,0
BRDA:86,37,0,0
BRDA:86,37,1,0
BRDA:91,38,0,0
BRDA:91,38,1,0
BRDA:91,39,0,0
BRDA:91,39,1,0
BRDA:91,39,2,0
BRDA:92,40,0,0
BRDA:92,40,1,0
BRDA:97,41,0,0
BRDA:97,41,1,0
BRDA:97,42,0,0
BRDA:97,42,1,0
BRDA:97,42,2,0
BRDA:98,43,0,0
BRDA:98,43,1,0
BRDA:103,44,0,0
BRDA:103,44,1,0
BRDA:103,45,0,0
BRDA:103,45,1,0
BRDA:103,45,2,0
BRDA:104,46,0,0
BRDA:104,46,1,0
BRDA:109,47,0,0
BRDA:109,47,1,0
BRDA:109,48,0,0
BRDA:109,48,1,0
BRDA:109,48,2,0
BRDA:110,49,0,0
BRDA:110,49,1,0
BRDA:115,50,0,0
BRDA:115,50,1,0
BRDA:115,51,0,0
BRDA:115,51,1,0
BRDA:115,51,2,0
BRDA:116,52,0,0
BRDA:116,52,1,0
BRDA:123,53,0,2
BRDA:123,53,1,157
BRDA:123,54,0,159
BRDA:123,54,1,159
BRDA:123,54,2,2
BRDA:124,55,0,1
BRDA:124,55,1,1
BRDA:129,56,0,2
BRDA:129,56,1,157
BRDA:129,57,0,159
BRDA:129,57,1,159
BRDA:129,57,2,2
BRDA:130,58,0,1
BRDA:130,58,1,1
BRDA:135,59,0,2
BRDA:135,59,1,157
BRDA:135,60,0,159
BRDA:135,60,1,159
BRDA:135,60,2,2
BRDA:136,61,0,1
BRDA:136,61,1,1
BRDA:141,62,0,2
BRDA:141,62,1,157
BRDA:141,63,0,159
BRDA:141,63,1,159
BRDA:141,63,2,2
BRDA:142,64,0,1
BRDA:142,64,1,1
BRDA:147,65,0,2
BRDA:147,65,1,157
BRDA:147,66,0,159
BRDA:147,66,1,159
BRDA:147,66,2,2
BRDA:148,67,0,1
BRDA:148,67,1,1
BRDA:153,68,0,2
BRDA:153,68,1,157
BRDA:153,69,0,159
BRDA:153,69,1,159
BRDA:153,69,2,2
BRDA:154,70,0,1
BRDA:154,70,1,1
BRDA:163,71,0,1
BRDA:163,71,1,250
BRDA:167,72,0,1
BRDA:167,72,1,250
BRDA:171,73,0,1
BRDA:171,73,1,250
BRDA:171,74,0,251
BRDA:171,74,1,1
BRDA:175,75,0,1
BRDA:175,75,1,250
BRDA:175,76,0,251
BRDA:175,76,1,1
BRDA:179,77,0,0
BRDA:179,77,1,251
BRDA:179,78,0,251
BRDA:179,78,1,166
BRDA:183,79,0,1
BRDA:183,79,1,250
BRDA:187,80,0,166
BRDA:187,80,1,85
BRDA:187,81,0,251
BRDA:187,81,1,167
BRDA:191,82,0,1
BRDA:191,82,1,250
BRDA:191,83,0,251
BRDA:191,83,1,167
BRDA:191,83,2,1
BRDA:195,84,0,1
BRDA:195,84,1,250
BRDA:195,85,0,251
BRDA:195,85,1,167
BRDA:195,85,2,1
BRDA:205,86,0,2
BRDA:205,86,1,185
BRDA:205,87,0,187
BRDA:205,87,1,186
BRDA:206,88,0,1
BRDA:206,88,1,1
BRDA:211,89,0,2
BRDA:211,89,1,185
BRDA:211,90,0,187
BRDA:211,90,1,186
BRDA:212,91,0,1
BRDA:212,91,1,1
BRDA:217,92,0,2
BRDA:217,92,1,185
BRDA:217,93,0,187
BRDA:217,93,1,186
BRDA:218,94,0,1
BRDA:218,94,1,1
BRDA:223,95,0,2
BRDA:223,95,1,185
BRDA:223,96,0,187
BRDA:223,96,1,186
BRDA:224,97,0,1
BRDA:224,97,1,1
BRDA:229,98,0,187
BRDA:229,98,1,0
BRDA:231,99,0,2
BRDA:231,99,1,185
BRDA:231,100,0,187
BRDA:231,100,1,186
BRDA:232,101,0,1
BRDA:232,101,1,1
BRDA:237,102,0,2
BRDA:237,102,1,185
BRDA:237,103,0,187
BRDA:237,103,1,186
BRDA:238,104,0,1
BRDA:238,104,1,1
BRDA:243,105,0,2
BRDA:243,105,1,185
BRDA:243,106,0,187
BRDA:243,106,1,186
BRDA:244,107,0,1
BRDA:244,107,1,1
BRDA:249,108,0,2
BRDA:249,108,1,185
BRDA:249,109,0,187
BRDA:249,109,1,186
BRDA:250,110,0,1
BRDA:250,110,1,1
BRDA:260,111,0,100
BRDA:260,111,1,1444
BRDA:270,112,0,4
BRDA:270,112,1,2
BRDA:270,113,0,6
BRDA:270,113,1,4
BRDA:271,114,0,2
BRDA:271,114,1,2
BRDA:288,115,0,1
BRDA:288,115,1,1
BRDA:289,116,0,1
BRDA:289,116,1,0
BRDA:298,117,0,1
BRDA:298,117,1,1
BRDA:299,118,0,1
BRDA:299,118,1,0
BRDA:308,119,0,1
BRDA:308,119,1,4
BRDA:310,120,0,4
BRDA:310,120,1,0
BRDA:313,121,0,3
BRDA:313,121,1,1
BRDA:313,122,0,4
BRDA:313,122,1,3
BRDA:313,122,2,2
BRDA:331,123,0,1
BRDA:331,123,1,4
BRDA:333,124,0,4
BRDA:333,124,1,0
BRDA:336,125,0,3
BRDA:336,125,1,1
BRDA:336,126,0,4
BRDA:336,126,1,3
BRDA:336,126,2,2
BRF:286
BRH:195
end_of_record
TN:
SF:src/utils/customHooks.js
FN:3,(anonymous_0)
FN:11,(anonymous_1)
FN:13,handleResize
FN:28,(anonymous_3)
FN:35,(anonymous_4)
FN:43,(anonymous_5)
FN:45,handleScroll
FN:59,(anonymous_7)
FNF:8
FNH:8
FNDA:10,(anonymous_0)
FNDA:4,(anonymous_1)
FNDA:6,handleResize
FNDA:4,(anonymous_3)
FNDA:5,(anonymous_4)
FNDA:2,(anonymous_5)
FNDA:3,handleScroll
FNDA:2,(anonymous_7)
DA:3,1
DA:6,10
DA:11,10
DA:15,6
DA:22,4
DA:25,4
DA:28,4
DA:31,10
DA:35,1
DA:38,5
DA:43,5
DA:47,3
DA:53,2
DA:56,2
DA:59,2
DA:62,5
LF:16
LH:16
BRF:0
BRH:0
end_of_record
TN:
SF:src/utils/functions.js
FN:1,(anonymous_0)
FN:4,(anonymous_1)
FN:14,(anonymous_2)
FN:19,(anonymous_3)
FN:24,(anonymous_4)
FN:28,(anonymous_5)
FN:30,(anonymous_6)
FN:32,(anonymous_7)
FN:36,(anonymous_8)
FN:40,naiveCopy
FN:51,(anonymous_10)
FN:55,(anonymous_11)
FNF:12
FNH:11
FNDA:3,(anonymous_0)
FNDA:0,(anonymous_1)
FNDA:2,(anonymous_2)
FNDA:2,(anonymous_3)
FNDA:39,(anonymous_4)
FNDA:34,(anonymous_5)
FNDA:1,(anonymous_6)
FNDA:1,(anonymous_7)
FNDA:38,(anonymous_8)
FNDA:1,naiveCopy
FNDA:36,(anonymous_10)
FNDA:2,(anonymous_11)
DA:1,13
DA:2,3
DA:3,2
DA:4,2
DA:6,2
DA:7,2
DA:14,13
DA:15,2
DA:16,1
DA:19,13
DA:20,2
DA:21,1
DA:24,13
DA:25,39
DA:28,34
DA:30,13
DA:32,13
DA:33,1
DA:36,13
DA:37,38
DA:41,1
DA:44,1
DA:45,3
DA:47,1
DA:51,13
DA:52,36
DA:55,13
DA:56,2
LF:28
LH:28
BRDA:2,0,0,1
BRDA:2,0,1,2
BRDA:7,1,0,1
BRDA:7,1,1,1
BRDA:15,2,0,1
BRDA:15,2,1,1
BRDA:20,3,0,1
BRDA:20,3,1,1
BRF:8
BRH:8
end_of_record
TN:
SF:src/utils/gettersCommonElement.js
FN:6,(anonymous_0)
FN:9,(anonymous_1)
FN:24,(anonymous_2)
FNF:3
FNH:3
FNDA:4,(anonymous_0)
FNDA:4,(anonymous_1)
FNDA:29,(anonymous_2)
DA:6,3
DA:7,4
DA:9,4
DA:10,4
DA:11,4
DA:12,1
DA:14,3
DA:24,3
DA:25,29
DA:26,29
DA:28,29
DA:29,29
DA:30,1
DA:34,28
DA:35,22
DA:43,6
DA:44,5
DA:53,1
LF:18
LH:18
BRDA:10,0,0,3
BRDA:10,0,1,1
BRDA:11,1,0,1
BRDA:11,1,1,3
BRDA:18,2,0,0
BRDA:18,2,1,3
BRDA:28,3,0,29
BRDA:28,3,1,0
BRDA:28,4,0,29
BRDA:28,4,1,29
BRDA:29,5,0,1
BRDA:29,5,1,28
BRDA:34,6,0,22
BRDA:34,6,1,6
BRDA:43,7,0,5
BRDA:43,7,1,1
BRDA:43,8,0,6
BRDA:43,8,1,2
BRF:18
BRH:16
end_of_record
TN:
SF:src/utils/gettersProperties.js
FN:3,(anonymous_0)
FN:11,(anonymous_1)
FN:22,(anonymous_2)
FN:32,(anonymous_3)
FN:40,(anonymous_4)
FN:50,(anonymous_5)
FNF:6
FNH:5
FNDA:6,(anonymous_0)
FNDA:0,(anonymous_1)
FNDA:13,(anonymous_2)
FNDA:8,(anonymous_3)
FNDA:28,(anonymous_4)
FNDA:32,(anonymous_5)
DA:3,10
DA:4,6
DA:11,10
DA:12,0
DA:22,10
DA:23,13
DA:32,10
DA:33,8
DA:40,10
DA:41,28
DA:50,10
DA:51,32
LF:12
LH:11
BRDA:5,0,0,6
BRDA:5,0,1,0
BRDA:6,1,0,6
BRDA:6,1,1,0
BRDA:6,2,0,6
BRDA:6,2,1,6
BRDA:7,3,0,6
BRDA:7,3,1,0
BRDA:7,4,0,6
BRDA:7,4,1,6
BRDA:7,4,2,6
BRDA:13,5,0,0
BRDA:13,5,1,0
BRDA:15,6,0,0
BRDA:15,6,1,0
BRDA:16,7,0,0
BRDA:16,7,1,0
BRDA:16,8,0,0
BRDA:16,8,1,0
BRDA:17,9,0,0
BRDA:17,9,1,0
BRDA:17,10,0,0
BRDA:17,10,1,0
BRDA:17,10,2,0
BRDA:24,11,0,13
BRDA:24,11,1,0
BRDA:25,12,0,13
BRDA:25,12,1,0
BRDA:25,13,0,13
BRDA:25,13,1,13
BRDA:25,13,2,13
BRDA:26,14,0,13
BRDA:26,14,1,0
BRDA:26,15,0,13
BRDA:26,15,1,13
BRDA:26,15,2,13
BRDA:27,16,0,9
BRDA:27,16,1,4
BRDA:27,17,0,13
BRDA:27,17,1,13
BRDA:27,17,2,13
BRDA:28,18,0,9
BRDA:28,18,1,4
BRDA:28,19,0,13
BRDA:28,19,1,13
BRDA:28,19,2,13
BRDA:35,20,0,8
BRDA:35,20,1,8
BRDA:35,20,2,8
BRDA:36,21,0,8
BRDA:36,21,1,8
BRDA:36,21,2,8
BRF:52
BRH:33
end_of_record
